  [4;35;1mUsuario Columns (0.015600)[0m   [0mSHOW FIELDS FROM usuarios[0m


Processing WfcvuelosController#calcularhoras (for 127.0.0.1 at 2015-02-03 11:48:31) [POST]
  Session ID: f6403b4a9fe66cfd08dac5ab77e987eb
  Parameters: {"commit"=>"Calcular", "wfcvolado"=>{"mesini"=>"6", "cabequipo_id"=>"", "anofin"=>"2013", "log"=>"", "diafin"=>"1", "anoini"=>"2013", "mesfin"=>"9", "diaini"=>"1"}, "action"=>"calcularhoras", "controller"=>"wfcvuelos"}
************************************** aqui empieza
  [4;36;1mWfcvuelo Columns (0.000000)[0m   [0;1mSHOW FIELDS FROM wfcvuelos[0m
  [4;35;1mWfcvuelo Load (0.062400)[0m   [0mSELECT * FROM wfcvuelos WHERE (wfcvuelos.`cerrarvuelo` = '1') [0m
  [4;36;1mWfctripulante Load (0.000000)[0m   [0;1mSELECT * FROM wfctripulantes WHERE (nombres not like '%ninguno%' and cedula not like '%000%' and (nombres like '%%' or apellidos like '%%')) ORDER BY orden,nombres[0m
  [4;35;1mWfctripulante Columns (0.000000)[0m   [0mSHOW FIELDS FROM wfctripulantes[0m
tiempo epoch 001
280.801
4112
tiempo epoch
2418.004
************************************** aqui termina
Rendering  within layouts/vuelos
Rendering wfcvuelos/calcularhoras
Completed in 2.71441 (0 reqs/sec) | Rendering: 0.01560 (0%) | DB: 0.07800 (2%) | 200 OK [http://localhost/wfcvuelos/calcularhoras]
  [4;36;1mUsuario Columns (0.000000)[0m   [0;1mSHOW FIELDS FROM usuarios[0m


Processing WfcvuelosController#calcularhoras (for 127.0.0.1 at 2015-02-03 11:52:41) [POST]
  Session ID: f6403b4a9fe66cfd08dac5ab77e987eb
  Parameters: {"commit"=>"Calcular", "wfcvolado"=>{"mesini"=>"6", "cabequipo_id"=>"28", "anofin"=>"2013", "log"=>"", "diafin"=>"1", "anoini"=>"2013", "mesfin"=>"9", "diaini"=>"1"}, "action"=>"calcularhoras", "controller"=>"wfcvuelos"}
************************************** aqui empieza
  [4;35;1mWfcvuelo Columns (0.015600)[0m   [0mSHOW FIELDS FROM wfcvuelos[0m
  [4;36;1mWfcvuelo Load (0.031200)[0m   [0;1mSELECT * FROM wfcvuelos WHERE cerrarvuelo = 1 AND cabequipo_id = 28 AND anoini >= 2013 AND anofin <= 2013 AND status != 1001[0m
  [4;35;1mCabequipo Load (0.015600)[0m   [0mSELECT * FROM cabequipos WHERE (cabequipos.`id` = 28) LIMIT 1[0m
  [4;36;1mCabequipo Columns (0.000000)[0m   [0;1mSHOW FIELDS FROM cabequipos[0m
  [4;35;1mWfctripulante Load (0.000000)[0m   [0mSELECT * FROM wfctripulantes WHERE (nombres not like '%ninguno%' and cedula not like '%000%' and (nombres like '%%' or apellidos like '%%')) ORDER BY orden,nombres[0m
  [4;36;1mWfctripulante Columns (0.015600)[0m   [0;1mSHOW FIELDS FROM wfctripulantes[0m
tiempo epoch 001
124.8
691
tiempo epoch
780.002
************************************** aqui termina
Rendering  within layouts/vuelos
Rendering wfcvuelos/calcularhoras
Completed in 0.93600 (1 reqs/sec) | Rendering: 0.01560 (1%) | DB: 0.07800 (8%) | 200 OK [http://localhost/wfcvuelos/calcularhoras]
  [4;35;1mUsuario Columns (0.015600)[0m   [0mSHOW FIELDS FROM usuarios[0m


Processing WfcvuelosController#calcularhoras (for 127.0.0.1 at 2015-02-03 11:52:52) [POST]
  Session ID: f6403b4a9fe66cfd08dac5ab77e987eb
  Parameters: {"commit"=>"Calcular", "wfcvolado"=>{"mesini"=>"6", "cabequipo_id"=>"26", "anofin"=>"2013", "log"=>"", "diafin"=>"1", "anoini"=>"2013", "mesfin"=>"9", "diaini"=>"1"}, "action"=>"calcularhoras", "controller"=>"wfcvuelos"}
************************************** aqui empieza
  [4;36;1mWfcvuelo Columns (0.015600)[0m   [0;1mSHOW FIELDS FROM wfcvuelos[0m
  [4;35;1mWfcvuelo Load (0.031200)[0m   [0mSELECT * FROM wfcvuelos WHERE cerrarvuelo = 1 AND cabequipo_id = 26 AND anoini >= 2013 AND anofin <= 2013 AND status != 1001[0m
  [4;36;1mCabequipo Load (0.000000)[0m   [0;1mSELECT * FROM cabequipos WHERE (cabequipos.`id` = 26) LIMIT 1[0m
  [4;35;1mCabequipo Columns (0.000000)[0m   [0mSHOW FIELDS FROM cabequipos[0m
  [4;36;1mWfctripulante Load (0.000000)[0m   [0;1mSELECT * FROM wfctripulantes WHERE (nombres not like '%ninguno%' and cedula not like '%000%' and (nombres like '%%' or apellidos like '%%')) ORDER BY orden,nombres[0m
  [4;35;1mWfctripulante Columns (0.000000)[0m   [0mSHOW FIELDS FROM wfctripulantes[0m
tiempo epoch 001
93.6
589
tiempo epoch
748.801
************************************** aqui termina
Rendering  within layouts/vuelos
Rendering wfcvuelos/calcularhoras
Completed in 0.85800 (1 reqs/sec) | Rendering: 0.01560 (1%) | DB: 0.06240 (7%) | 200 OK [http://localhost/wfcvuelos/calcularhoras]
  [4;36;1mUsuario Columns (0.000000)[0m   [0;1mSHOW FIELDS FROM usuarios[0m


Processing WfcvuelosController#calcularhoras (for 127.0.0.1 at 2015-02-03 11:53:56) [POST]
  Session ID: f6403b4a9fe66cfd08dac5ab77e987eb
  Parameters: {"commit"=>"Calcular", "wfcvolado"=>{"mesini"=>"6", "cabequipo_id"=>"", "anofin"=>"2013", "log"=>"", "diafin"=>"1", "anoini"=>"2013", "mesfin"=>"9", "diaini"=>"1"}, "action"=>"calcularhoras", "controller"=>"wfcvuelos"}
************************************** aqui empieza
  [4;35;1mWfcvuelo Columns (0.015600)[0m   [0mSHOW FIELDS FROM wfcvuelos[0m
  [4;36;1mWfcvuelo Load (0.015600)[0m   [0;1mSELECT * FROM wfcvuelos WHERE cerrarvuelo = 1 AND anoini >= NULL AND anofin <= 2013 AND status != 1001[0m
  [4;35;1mWfctripulante Load (0.000000)[0m   [0mSELECT * FROM wfctripulantes WHERE (nombres not like '%ninguno%' and cedula not like '%000%' and (nombres like '%%' or apellidos like '%%')) ORDER BY orden,nombres[0m
  [4;36;1mWfctripulante Columns (0.000000)[0m   [0;1mSHOW FIELDS FROM wfctripulantes[0m
tiempo epoch 001
46.8
0
tiempo epoch
0.0
************************************** aqui termina
Rendering  within layouts/vuelos
Rendering wfcvuelos/calcularhoras
Completed in 0.06240 (16 reqs/sec) | Rendering: 0.01560 (24%) | DB: 0.03120 (50%) | 200 OK [http://localhost/wfcvuelos/calcularhoras]
  [4;35;1mUsuario Columns (0.000000)[0m   [0mSHOW FIELDS FROM usuarios[0m


Processing WfcvuelosController#calcularhoras (for 127.0.0.1 at 2015-02-03 11:54:40) [POST]
  Session ID: f6403b4a9fe66cfd08dac5ab77e987eb
  Parameters: {"commit"=>"Calcular", "wfcvolado"=>{"mesini"=>"6", "cabequipo_id"=>"", "anofin"=>"2013", "log"=>"", "diafin"=>"1", "anoini"=>"2013", "mesfin"=>"9", "diaini"=>"1"}, "action"=>"calcularhoras", "controller"=>"wfcvuelos"}
************************************** aqui empieza
  [4;36;1mWfcvuelo Columns (0.015600)[0m   [0;1mSHOW FIELDS FROM wfcvuelos[0m
  [4;35;1mWfcvuelo Load (0.031200)[0m   [0mSELECT * FROM wfcvuelos WHERE cerrarvuelo = 1 AND anoini >= 2013 AND anofin <= 2013 AND status != 1001[0m
  [4;36;1mWfctripulante Load (0.015600)[0m   [0;1mSELECT * FROM wfctripulantes WHERE (nombres not like '%ninguno%' and cedula not like '%000%' and (nombres like '%%' or apellidos like '%%')) ORDER BY orden,nombres[0m
  [4;35;1mWfctripulante Columns (0.000000)[0m   [0mSHOW FIELDS FROM wfctripulantes[0m
tiempo epoch 001
124.8
1280
tiempo epoch
1372.803
************************************** aqui termina
Rendering  within layouts/vuelos
Rendering wfcvuelos/calcularhoras
Completed in 1.51320 (0 reqs/sec) | Rendering: 0.01560 (1%) | DB: 0.06240 (4%) | 200 OK [http://localhost/wfcvuelos/calcularhoras]
  [4;36;1mUsuario Columns (0.000000)[0m   [0;1mSHOW FIELDS FROM usuarios[0m


Processing WfcvuelosController#calcularhoras (for 127.0.0.1 at 2015-02-03 11:55:00) [POST]
  Session ID: f6403b4a9fe66cfd08dac5ab77e987eb
  Parameters: {"commit"=>"Calcular", "wfcvolado"=>{"mesini"=>"6", "cabequipo_id"=>"", "anofin"=>"2014", "log"=>"", "diafin"=>"1", "anoini"=>"2013", "mesfin"=>"9", "diaini"=>"1"}, "action"=>"calcularhoras", "controller"=>"wfcvuelos"}
************************************** aqui empieza
  [4;35;1mWfcvuelo Columns (0.000000)[0m   [0mSHOW FIELDS FROM wfcvuelos[0m
  [4;36;1mWfcvuelo Load (0.031200)[0m   [0;1mSELECT * FROM wfcvuelos WHERE cerrarvuelo = 1 AND anoini >= 2013 AND anofin <= 2014 AND status != 1001[0m
  [4;35;1mWfctripulante Load (0.000000)[0m   [0mSELECT * FROM wfctripulantes WHERE (nombres not like '%ninguno%' and cedula not like '%000%' and (nombres like '%%' or apellidos like '%%')) ORDER BY orden,nombres[0m
  [4;36;1mWfctripulante Columns (0.000000)[0m   [0;1mSHOW FIELDS FROM wfctripulantes[0m
tiempo epoch 001
296.4
2425
tiempo epoch
4914.009
************************************** aqui termina
Rendering  within layouts/vuelos
Rendering wfcvuelos/calcularhoras
Completed in 5.24161 (0 reqs/sec) | Rendering: 0.03120 (0%) | DB: 0.03120 (0%) | 200 OK [http://localhost/wfcvuelos/calcularhoras]
  [4;35;1mUsuario Columns (0.000000)[0m   [0mSHOW FIELDS FROM usuarios[0m


Processing WfcvuelosController#calcularhoras (for 127.0.0.1 at 2015-02-03 11:57:29) [POST]
  Session ID: f6403b4a9fe66cfd08dac5ab77e987eb
  Parameters: {"commit"=>"Calcular", "wfcvolado"=>{"mesini"=>"6", "cabequipo_id"=>"", "anofin"=>"2013", "log"=>"", "diafin"=>"1", "anoini"=>"2013", "mesfin"=>"9", "diaini"=>"1"}, "action"=>"calcularhoras", "controller"=>"wfcvuelos"}
************************************** aqui empieza
  [4;36;1mWfcvuelo Columns (0.000000)[0m   [0;1mSHOW FIELDS FROM wfcvuelos[0m
  [4;35;1mWfcvuelo Load (0.031200)[0m   [0mSELECT * FROM wfcvuelos WHERE cerrarvuelo = 1 AND anoini >= 2013 AND anofin <= 2013 AND status != 1001[0m
  [4;36;1mWfctripulante Load (0.000000)[0m   [0;1mSELECT * FROM wfctripulantes WHERE (nombres not like '%ninguno%' and cedula not like '%000%' and (nombres like '%%' or apellidos like '%%')) ORDER BY orden,nombres[0m
  [4;35;1mWfctripulante Columns (0.000000)[0m   [0mSHOW FIELDS FROM wfctripulantes[0m
Rendering  within layouts/vuelos
Rendering wfcvuelos/calcularhoras
Completed in 1.60680 (0 reqs/sec) | Rendering: 0.03120 (1%) | DB: 0.03120 (1%) | 200 OK [http://localhost/wfcvuelos/calcularhoras]
  [4;36;1mUsuario Columns (0.015600)[0m   [0;1mSHOW FIELDS FROM usuarios[0m


Processing WfcvuelosController#calcularhoras (for 127.0.0.1 at 2015-02-03 11:58:05) [POST]
  Session ID: f6403b4a9fe66cfd08dac5ab77e987eb
  Parameters: {"commit"=>"Calcular", "wfcvolado"=>{"mesini"=>"2", "cabequipo_id"=>"", "anofin"=>"2013", "log"=>"", "diafin"=>"1", "anoini"=>"2013", "mesfin"=>"3", "diaini"=>"1"}, "action"=>"calcularhoras", "controller"=>"wfcvuelos"}
************************************** aqui empieza
  [4;35;1mWfcvuelo Columns (0.000000)[0m   [0mSHOW FIELDS FROM wfcvuelos[0m
  [4;36;1mWfcvuelo Load (0.015600)[0m   [0;1mSELECT * FROM wfcvuelos WHERE cerrarvuelo = 1 AND anoini >= 2013 AND anofin <= 2013 AND status != 1001[0m
  [4;35;1mWfctripulante Load (0.000000)[0m   [0mSELECT * FROM wfctripulantes WHERE (nombres not like '%ninguno%' and cedula not like '%000%' and (nombres like '%%' or apellidos like '%%')) ORDER BY orden,nombres[0m
  [4;36;1mWfctripulante Columns (0.000000)[0m   [0;1mSHOW FIELDS FROM wfctripulantes[0m
Rendering  within layouts/vuelos
Rendering wfcvuelos/calcularhoras
Completed in 0.51480 (1 reqs/sec) | Rendering: 0.01560 (3%) | DB: 0.03120 (6%) | 200 OK [http://localhost/wfcvuelos/calcularhoras]
  [4;35;1mUsuario Columns (0.015600)[0m   [0mSHOW FIELDS FROM usuarios[0m


Processing WfcvuelosController#calcularhoras (for 127.0.0.1 at 2015-02-03 11:58:17) [POST]
  Session ID: f6403b4a9fe66cfd08dac5ab77e987eb
  Parameters: {"commit"=>"Calcular", "wfcvolado"=>{"mesini"=>"2", "cabequipo_id"=>"", "anofin"=>"2013", "log"=>"", "diafin"=>"30", "anoini"=>"2013", "mesfin"=>"2", "diaini"=>"1"}, "action"=>"calcularhoras", "controller"=>"wfcvuelos"}
************************************** aqui empieza
  [4;36;1mWfcvuelo Columns (0.000000)[0m   [0;1mSHOW FIELDS FROM wfcvuelos[0m
  [4;35;1mWfcvuelo Load (0.031200)[0m   [0mSELECT * FROM wfcvuelos WHERE cerrarvuelo = 1 AND anoini >= 2013 AND anofin <= 2013 AND status != 1001[0m
  [4;36;1mWfctripulante Load (0.000000)[0m   [0;1mSELECT * FROM wfctripulantes WHERE (nombres not like '%ninguno%' and cedula not like '%000%' and (nombres like '%%' or apellidos like '%%')) ORDER BY orden,nombres[0m
  [4;35;1mWfctripulante Columns (0.000000)[0m   [0mSHOW FIELDS FROM wfctripulantes[0m


ArgumentError (comparison of DateTime with nil failed):
    C:/devel/sigec14/app/controllers/wfcvuelos_controller.rb:382:in `>='
    C:/devel/sigec14/app/controllers/wfcvuelos_controller.rb:382:in `calcularhoras'
    C:/devel/sigec14/app/controllers/wfcvuelos_controller.rb:376:in `each'
    C:/devel/sigec14/app/controllers/wfcvuelos_controller.rb:376:in `calcularhoras'
    C:/Ruby187/lib/ruby/gems/1.8/gems/actionpack-1.13.6/lib/action_controller/base.rb:1101:in `send'
    C:/Ruby187/lib/ruby/gems/1.8/gems/actionpack-1.13.6/lib/action_controller/base.rb:1101:in `perform_action_without_filters'
    C:/Ruby187/lib/ruby/gems/1.8/gems/actionpack-1.13.6/lib/action_controller/filters.rb:696:in `call_filters'
    C:/Ruby187/lib/ruby/gems/1.8/gems/actionpack-1.13.6/lib/action_controller/filters.rb:688:in `perform_action_without_benchmark'
    C:/Ruby187/lib/ruby/gems/1.8/gems/actionpack-1.13.6/lib/action_controller/benchmarking.rb:66:in `perform_action_without_rescue'
    C:/Ruby187/lib/ruby/1.8/benchmark.rb:293:in `measure'
    C:/Ruby187/lib/ruby/gems/1.8/gems/actionpack-1.13.6/lib/action_controller/benchmarking.rb:66:in `perform_action_without_rescue'
    C:/Ruby187/lib/ruby/gems/1.8/gems/actionpack-1.13.6/lib/action_controller/rescue.rb:83:in `perform_action'
    C:/Ruby187/lib/ruby/gems/1.8/gems/actionpack-1.13.6/lib/action_controller/base.rb:435:in `send'
    C:/Ruby187/lib/ruby/gems/1.8/gems/actionpack-1.13.6/lib/action_controller/base.rb:435:in `process_without_filters'
    C:/Ruby187/lib/ruby/gems/1.8/gems/actionpack-1.13.6/lib/action_controller/filters.rb:684:in `process_without_session_management_support'
    C:/Ruby187/lib/ruby/gems/1.8/gems/actionpack-1.13.6/lib/action_controller/session_management.rb:114:in `process'
    C:/Ruby187/lib/ruby/gems/1.8/gems/actionpack-1.13.6/lib/action_controller/base.rb:334:in `process'
    C:/Ruby187/lib/ruby/gems/1.8/gems/rails-1.2.6/lib/dispatcher.rb:41:in `dispatch'
    C:/Ruby187/lib/ruby/gems/1.8/gems/rails-1.2.6/lib/webrick_server.rb:113:in `handle_dispatch'
    C:/Ruby187/lib/ruby/gems/1.8/gems/rails-1.2.6/lib/webrick_server.rb:79:in `service'
    C:/Ruby187/lib/ruby/1.8/webrick/httpserver.rb:104:in `service'
    C:/Ruby187/lib/ruby/1.8/webrick/httpserver.rb:65:in `run'
    C:/Ruby187/lib/ruby/1.8/webrick/server.rb:173:in `start_thread'
    C:/Ruby187/lib/ruby/1.8/webrick/server.rb:162:in `start'
    C:/Ruby187/lib/ruby/1.8/webrick/server.rb:162:in `start_thread'
    C:/Ruby187/lib/ruby/1.8/webrick/server.rb:95:in `start'
    C:/Ruby187/lib/ruby/1.8/webrick/server.rb:92:in `each'
    C:/Ruby187/lib/ruby/1.8/webrick/server.rb:92:in `start'
    C:/Ruby187/lib/ruby/1.8/webrick/server.rb:23:in `start'
    C:/Ruby187/lib/ruby/1.8/webrick/server.rb:82:in `start'
    C:/Ruby187/lib/ruby/gems/1.8/gems/rails-1.2.6/lib/webrick_server.rb:63:in `dispatch'
    C:/Ruby187/lib/ruby/gems/1.8/gems/rails-1.2.6/lib/commands/servers/webrick.rb:59
    C:/Ruby187/lib/ruby/site_ruby/1.8/rubygems/custom_require.rb:29:in `gem_original_require'
    C:/Ruby187/lib/ruby/site_ruby/1.8/rubygems/custom_require.rb:29:in `require'
    C:/Ruby187/lib/ruby/gems/1.8/gems/activesupport-1.4.4/lib/active_support/dependencies.rb:495:in `require'
    C:/Ruby187/lib/ruby/gems/1.8/gems/activesupport-1.4.4/lib/active_support/dependencies.rb:342:in `new_constants_in'
    C:/Ruby187/lib/ruby/gems/1.8/gems/activesupport-1.4.4/lib/active_support/dependencies.rb:495:in `require'
    C:/Ruby187/lib/ruby/gems/1.8/gems/rails-1.2.6/lib/commands/server.rb:39
    C:/Ruby187/lib/ruby/site_ruby/1.8/rubygems/custom_require.rb:29:in `gem_original_require'
    C:/Ruby187/lib/ruby/site_ruby/1.8/rubygems/custom_require.rb:29:in `require'
    script/server:3


Rendering C:/Ruby187/lib/ruby/gems/1.8/gems/actionpack-1.13.6/lib/action_controller/templates/rescues/layout.rhtml (500 Internal Error)
  [4;36;1mUsuario Columns (0.000000)[0m   [0;1mSHOW FIELDS FROM usuarios[0m


Processing WfcvuelosController#calcularhoras (for 127.0.0.1 at 2015-02-03 11:59:58) [POST]
  Session ID: f6403b4a9fe66cfd08dac5ab77e987eb
  Parameters: {"commit"=>"Calcular", "wfcvolado"=>{"mesini"=>"2", "cabequipo_id"=>"", "anofin"=>"2013", "log"=>"", "diafin"=>"30", "anoini"=>"2013", "mesfin"=>"2", "diaini"=>"1"}, "action"=>"calcularhoras", "controller"=>"wfcvuelos"}
************************************** aqui empieza
  [4;35;1mWfcvuelo Columns (0.000000)[0m   [0mSHOW FIELDS FROM wfcvuelos[0m
Rendering  within layouts/vuelos
Rendering wfcvuelos/calcularhoras


ActionView::TemplateError (You have a nil object when you didn't expect it!
You might have expected an instance of Array.
The error occurred while evaluating nil.each) on line #48 of app/views/wfcvuelos/calcularhoras.rhtml:
45: 
46: 
47: 
48: <% for wfctripulante in @wfctripulantes -%>
49:   <%  if ((wfctripulante.horas > 0) || (wfctripulante.minutos > 0)) -%>
50:       <tr>
51:         <td><%= wfctripulante.nombres %> <%= wfctripulante.apellidos%> </td>

    C:/devel/sigec14/app/views/wfcvuelos/calcularhoras.rhtml:48:in `_run_rhtml_47app47views47wfcvuelos47calcularhoras46rhtml'
    C:/Ruby187/lib/ruby/gems/1.8/gems/actionpack-1.13.6/lib/action_view/base.rb:325:in `send'
    C:/Ruby187/lib/ruby/gems/1.8/gems/actionpack-1.13.6/lib/action_view/base.rb:325:in `compile_and_render_template'
    C:/Ruby187/lib/ruby/gems/1.8/gems/actionpack-1.13.6/lib/action_view/base.rb:301:in `render_template'
    C:/Ruby187/lib/ruby/gems/1.8/gems/actionpack-1.13.6/lib/action_view/base.rb:260:in `render_file'
    C:/Ruby187/lib/ruby/gems/1.8/gems/actionpack-1.13.6/lib/action_controller/base.rb:812:in `render_file'
    C:/Ruby187/lib/ruby/gems/1.8/gems/actionpack-1.13.6/lib/action_controller/base.rb:717:in `render_with_no_layout'
    C:/Ruby187/lib/ruby/gems/1.8/gems/actionpack-1.13.6/lib/action_controller/layout.rb:247:in `render_without_benchmark'
    C:/Ruby187/lib/ruby/gems/1.8/gems/actionpack-1.13.6/lib/action_controller/benchmarking.rb:50:in `render'
    C:/Ruby187/lib/ruby/1.8/benchmark.rb:293:in `measure'
    C:/Ruby187/lib/ruby/gems/1.8/gems/actionpack-1.13.6/lib/action_controller/benchmarking.rb:50:in `render'
    C:/Ruby187/lib/ruby/gems/1.8/gems/actionpack-1.13.6/lib/action_controller/base.rb:1102:in `perform_action_without_filters'
    C:/Ruby187/lib/ruby/gems/1.8/gems/actionpack-1.13.6/lib/action_controller/filters.rb:696:in `call_filters'
    C:/Ruby187/lib/ruby/gems/1.8/gems/actionpack-1.13.6/lib/action_controller/filters.rb:688:in `perform_action_without_benchmark'
    C:/Ruby187/lib/ruby/gems/1.8/gems/actionpack-1.13.6/lib/action_controller/benchmarking.rb:66:in `perform_action_without_rescue'
    C:/Ruby187/lib/ruby/1.8/benchmark.rb:293:in `measure'
    C:/Ruby187/lib/ruby/gems/1.8/gems/actionpack-1.13.6/lib/action_controller/benchmarking.rb:66:in `perform_action_without_rescue'
    C:/Ruby187/lib/ruby/gems/1.8/gems/actionpack-1.13.6/lib/action_controller/rescue.rb:83:in `perform_action'
    C:/Ruby187/lib/ruby/gems/1.8/gems/actionpack-1.13.6/lib/action_controller/base.rb:435:in `send'
    C:/Ruby187/lib/ruby/gems/1.8/gems/actionpack-1.13.6/lib/action_controller/base.rb:435:in `process_without_filters'
    C:/Ruby187/lib/ruby/gems/1.8/gems/actionpack-1.13.6/lib/action_controller/filters.rb:684:in `process_without_session_management_support'
    C:/Ruby187/lib/ruby/gems/1.8/gems/actionpack-1.13.6/lib/action_controller/session_management.rb:114:in `process'
    C:/Ruby187/lib/ruby/gems/1.8/gems/actionpack-1.13.6/lib/action_controller/base.rb:334:in `process'
    C:/Ruby187/lib/ruby/gems/1.8/gems/rails-1.2.6/lib/dispatcher.rb:41:in `dispatch'
    C:/Ruby187/lib/ruby/gems/1.8/gems/rails-1.2.6/lib/webrick_server.rb:113:in `handle_dispatch'
    C:/Ruby187/lib/ruby/gems/1.8/gems/rails-1.2.6/lib/webrick_server.rb:79:in `service'
    C:/Ruby187/lib/ruby/1.8/webrick/httpserver.rb:104:in `service'
    C:/Ruby187/lib/ruby/1.8/webrick/httpserver.rb:65:in `run'
    C:/Ruby187/lib/ruby/1.8/webrick/server.rb:173:in `start_thread'
    C:/Ruby187/lib/ruby/1.8/webrick/server.rb:162:in `start'
    C:/Ruby187/lib/ruby/1.8/webrick/server.rb:162:in `start_thread'
    C:/Ruby187/lib/ruby/1.8/webrick/server.rb:95:in `start'
    C:/Ruby187/lib/ruby/1.8/webrick/server.rb:92:in `each'
    C:/Ruby187/lib/ruby/1.8/webrick/server.rb:92:in `start'
    C:/Ruby187/lib/ruby/1.8/webrick/server.rb:23:in `start'
    C:/Ruby187/lib/ruby/1.8/webrick/server.rb:82:in `start'
    C:/Ruby187/lib/ruby/gems/1.8/gems/rails-1.2.6/lib/webrick_server.rb:63:in `dispatch'
    C:/Ruby187/lib/ruby/gems/1.8/gems/rails-1.2.6/lib/commands/servers/webrick.rb:59
    C:/Ruby187/lib/ruby/site_ruby/1.8/rubygems/custom_require.rb:29:in `gem_original_require'
    C:/Ruby187/lib/ruby/site_ruby/1.8/rubygems/custom_require.rb:29:in `require'
    C:/Ruby187/lib/ruby/gems/1.8/gems/activesupport-1.4.4/lib/active_support/dependencies.rb:495:in `require'
    C:/Ruby187/lib/ruby/gems/1.8/gems/activesupport-1.4.4/lib/active_support/dependencies.rb:342:in `new_constants_in'
    C:/Ruby187/lib/ruby/gems/1.8/gems/activesupport-1.4.4/lib/active_support/dependencies.rb:495:in `require'
    C:/Ruby187/lib/ruby/gems/1.8/gems/rails-1.2.6/lib/commands/server.rb:39
    C:/Ruby187/lib/ruby/site_ruby/1.8/rubygems/custom_require.rb:29:in `gem_original_require'
    C:/Ruby187/lib/ruby/site_ruby/1.8/rubygems/custom_require.rb:29:in `require'
    script/server:3


Rendering C:/Ruby187/lib/ruby/gems/1.8/gems/actionpack-1.13.6/lib/action_controller/templates/rescues/layout.rhtml (500 Internal Error)
  [4;36;1mUsuario Columns (0.000000)[0m   [0;1mSHOW FIELDS FROM usuarios[0m


Processing WfcvuelosController#calcularhoras (for 127.0.0.1 at 2015-02-03 12:01:22) [POST]
  Session ID: f6403b4a9fe66cfd08dac5ab77e987eb
  Parameters: {"commit"=>"Calcular", "wfcvolado"=>{"mesini"=>"2", "cabequipo_id"=>"", "anofin"=>"2013", "log"=>"", "diafin"=>"30", "anoini"=>"2013", "mesfin"=>"2", "diaini"=>"1"}, "action"=>"calcularhoras", "controller"=>"wfcvuelos"}
************************************** aqui empieza
  [4;35;1mWfcvuelo Columns (0.015600)[0m   [0mSHOW FIELDS FROM wfcvuelos[0m
Rendering actionconsultahoraslayoutfalse within layouts/vuelos
Rendering wfcvuelos/consultahoras


ActionView::TemplateError (You have a nil object when you didn't expect it!
You might have expected an instance of Array.
The error occurred while evaluating nil.collect) on line #6 of app/views/wfcvuelos/consultahoras.rhtml:
3: 
4:       <div class="form-group">
5:         <label for="wfcvolado_cabequipo_id">Equipo</label>
6:         <%= select( 'wfcvolado', 'cabequipo_id' , @equipos.collect {|eqp| [eqp.nombre, eqp.id]}, {:prompt => 'Todos'},{:class=>"form-control"}) %>
7:       </div>
8:         <p><label class="page-header">Desde</label></p>
9:         <div class="form-group">

    C:/devel/sigec14/app/views/wfcvuelos/consultahoras.rhtml:6:in `_run_rhtml_47app47views47wfcvuelos47consultahoras46rhtml'
    C:/Ruby187/lib/ruby/gems/1.8/gems/actionpack-1.13.6/lib/action_view/helpers/capture_helper.rb:108:in `call'
    C:/Ruby187/lib/ruby/gems/1.8/gems/actionpack-1.13.6/lib/action_view/helpers/capture_helper.rb:108:in `capture_erb_with_buffer'
    C:/Ruby187/lib/ruby/gems/1.8/gems/actionpack-1.13.6/lib/action_view/helpers/capture_helper.rb:67:in `capture'
    C:/Ruby187/lib/ruby/gems/1.8/gems/actionpack-1.13.6/lib/action_view/helpers/form_tag_helper.rb:51:in `form_tag'
    C:/devel/sigec14/app/views/wfcvuelos/consultahoras.rhtml:2:in `_run_rhtml_47app47views47wfcvuelos47consultahoras46rhtml'
    C:/Ruby187/lib/ruby/gems/1.8/gems/actionpack-1.13.6/lib/action_view/base.rb:325:in `send'
    C:/Ruby187/lib/ruby/gems/1.8/gems/actionpack-1.13.6/lib/action_view/base.rb:325:in `compile_and_render_template'
    C:/Ruby187/lib/ruby/gems/1.8/gems/actionpack-1.13.6/lib/action_view/base.rb:301:in `render_template'
    C:/Ruby187/lib/ruby/gems/1.8/gems/actionpack-1.13.6/lib/action_view/base.rb:260:in `render_file'
    C:/Ruby187/lib/ruby/gems/1.8/gems/actionpack-1.13.6/lib/action_controller/base.rb:812:in `render_file'
    C:/Ruby187/lib/ruby/gems/1.8/gems/actionpack-1.13.6/lib/action_controller/base.rb:744:in `render_with_no_layout'
    C:/Ruby187/lib/ruby/gems/1.8/gems/actionpack-1.13.6/lib/action_controller/base.rb:869:in `render_without_layout'
    C:/Ruby187/lib/ruby/gems/1.8/gems/actionpack-1.13.6/lib/action_controller/base.rb:804:in `render_action'
    C:/Ruby187/lib/ruby/gems/1.8/gems/actionpack-1.13.6/lib/action_controller/base.rb:754:in `render_with_no_layout'
    C:/Ruby187/lib/ruby/gems/1.8/gems/activesupport-1.4.4/lib/active_support/deprecation.rb:44:in `silence'
    C:/Ruby187/lib/ruby/gems/1.8/gems/actionpack-1.13.6/lib/action_controller/base.rb:753:in `render_with_no_layout'
    C:/Ruby187/lib/ruby/gems/1.8/gems/actionpack-1.13.6/lib/action_controller/layout.rb:244:in `render_without_benchmark'
    C:/Ruby187/lib/ruby/gems/1.8/gems/actionpack-1.13.6/lib/action_controller/benchmarking.rb:50:in `render'
    C:/Ruby187/lib/ruby/1.8/benchmark.rb:293:in `measure'
    C:/Ruby187/lib/ruby/gems/1.8/gems/actionpack-1.13.6/lib/action_controller/benchmarking.rb:50:in `render'
    C:/devel/sigec14/app/controllers/wfcvuelos_controller.rb:345:in `calcularhoras'
    C:/Ruby187/lib/ruby/gems/1.8/gems/actionpack-1.13.6/lib/action_controller/base.rb:1101:in `send'
    C:/Ruby187/lib/ruby/gems/1.8/gems/actionpack-1.13.6/lib/action_controller/base.rb:1101:in `perform_action_without_filters'
    C:/Ruby187/lib/ruby/gems/1.8/gems/actionpack-1.13.6/lib/action_controller/filters.rb:696:in `call_filters'
    C:/Ruby187/lib/ruby/gems/1.8/gems/actionpack-1.13.6/lib/action_controller/filters.rb:688:in `perform_action_without_benchmark'
    C:/Ruby187/lib/ruby/gems/1.8/gems/actionpack-1.13.6/lib/action_controller/benchmarking.rb:66:in `perform_action_without_rescue'
    C:/Ruby187/lib/ruby/1.8/benchmark.rb:293:in `measure'
    C:/Ruby187/lib/ruby/gems/1.8/gems/actionpack-1.13.6/lib/action_controller/benchmarking.rb:66:in `perform_action_without_rescue'
    C:/Ruby187/lib/ruby/gems/1.8/gems/actionpack-1.13.6/lib/action_controller/rescue.rb:83:in `perform_action'
    C:/Ruby187/lib/ruby/gems/1.8/gems/actionpack-1.13.6/lib/action_controller/base.rb:435:in `send'
    C:/Ruby187/lib/ruby/gems/1.8/gems/actionpack-1.13.6/lib/action_controller/base.rb:435:in `process_without_filters'
    C:/Ruby187/lib/ruby/gems/1.8/gems/actionpack-1.13.6/lib/action_controller/filters.rb:684:in `process_without_session_management_support'
    C:/Ruby187/lib/ruby/gems/1.8/gems/actionpack-1.13.6/lib/action_controller/session_management.rb:114:in `process'
    C:/Ruby187/lib/ruby/gems/1.8/gems/actionpack-1.13.6/lib/action_controller/base.rb:334:in `process'
    C:/Ruby187/lib/ruby/gems/1.8/gems/rails-1.2.6/lib/dispatcher.rb:41:in `dispatch'
    C:/Ruby187/lib/ruby/gems/1.8/gems/rails-1.2.6/lib/webrick_server.rb:113:in `handle_dispatch'
    C:/Ruby187/lib/ruby/gems/1.8/gems/rails-1.2.6/lib/webrick_server.rb:79:in `service'
    C:/Ruby187/lib/ruby/1.8/webrick/httpserver.rb:104:in `service'
    C:/Ruby187/lib/ruby/1.8/webrick/httpserver.rb:65:in `run'
    C:/Ruby187/lib/ruby/1.8/webrick/server.rb:173:in `start_thread'
    C:/Ruby187/lib/ruby/1.8/webrick/server.rb:162:in `start'
    C:/Ruby187/lib/ruby/1.8/webrick/server.rb:162:in `start_thread'
    C:/Ruby187/lib/ruby/1.8/webrick/server.rb:95:in `start'
    C:/Ruby187/lib/ruby/1.8/webrick/server.rb:92:in `each'
    C:/Ruby187/lib/ruby/1.8/webrick/server.rb:92:in `start'
    C:/Ruby187/lib/ruby/1.8/webrick/server.rb:23:in `start'
    C:/Ruby187/lib/ruby/1.8/webrick/server.rb:82:in `start'
    C:/Ruby187/lib/ruby/gems/1.8/gems/rails-1.2.6/lib/webrick_server.rb:63:in `dispatch'
    C:/Ruby187/lib/ruby/gems/1.8/gems/rails-1.2.6/lib/commands/servers/webrick.rb:59
    C:/Ruby187/lib/ruby/site_ruby/1.8/rubygems/custom_require.rb:29:in `gem_original_require'
    C:/Ruby187/lib/ruby/site_ruby/1.8/rubygems/custom_require.rb:29:in `require'
    C:/Ruby187/lib/ruby/gems/1.8/gems/activesupport-1.4.4/lib/active_support/dependencies.rb:495:in `require'
    C:/Ruby187/lib/ruby/gems/1.8/gems/activesupport-1.4.4/lib/active_support/dependencies.rb:342:in `new_constants_in'
    C:/Ruby187/lib/ruby/gems/1.8/gems/activesupport-1.4.4/lib/active_support/dependencies.rb:495:in `require'
    C:/Ruby187/lib/ruby/gems/1.8/gems/rails-1.2.6/lib/commands/server.rb:39
    C:/Ruby187/lib/ruby/site_ruby/1.8/rubygems/custom_require.rb:29:in `gem_original_require'
    C:/Ruby187/lib/ruby/site_ruby/1.8/rubygems/custom_require.rb:29:in `require'
    script/server:3


Rendering C:/Ruby187/lib/ruby/gems/1.8/gems/actionpack-1.13.6/lib/action_controller/templates/rescues/layout.rhtml (500 Internal Error)
  [4;36;1mUsuario Columns (0.000000)[0m   [0;1mSHOW FIELDS FROM usuarios[0m


Processing WfcvuelosController#calcularhoras (for 127.0.0.1 at 2015-02-03 12:01:44) [POST]
  Session ID: f6403b4a9fe66cfd08dac5ab77e987eb
  Parameters: {"commit"=>"Calcular", "wfcvolado"=>{"mesini"=>"2", "cabequipo_id"=>"", "anofin"=>"2013", "log"=>"", "diafin"=>"27", "anoini"=>"2013", "mesfin"=>"2", "diaini"=>"1"}, "action"=>"calcularhoras", "controller"=>"wfcvuelos"}
************************************** aqui empieza
  [4;35;1mWfcvuelo Columns (0.000000)[0m   [0mSHOW FIELDS FROM wfcvuelos[0m
  [4;36;1mWfcvuelo Load (0.031200)[0m   [0;1mSELECT * FROM wfcvuelos WHERE cerrarvuelo = 1 AND anoini >= 2013 AND anofin <= 2013 AND status != 1001[0m
  [4;35;1mWfctripulante Load (0.000000)[0m   [0mSELECT * FROM wfctripulantes WHERE (nombres not like '%ninguno%' and cedula not like '%000%' and (nombres like '%%' or apellidos like '%%')) ORDER BY orden,nombres[0m
  [4;36;1mWfctripulante Columns (0.000000)[0m   [0;1mSHOW FIELDS FROM wfctripulantes[0m
Rendering  within layouts/vuelos
Rendering wfcvuelos/calcularhoras
Completed in 0.51480 (1 reqs/sec) | Rendering: 0.01560 (3%) | DB: 0.03120 (6%) | 200 OK [http://localhost/wfcvuelos/calcularhoras]
  [4;35;1mUsuario Columns (0.000000)[0m   [0mSHOW FIELDS FROM usuarios[0m


Processing WfcvuelosController#calcularhoras (for 127.0.0.1 at 2015-02-03 12:01:54) [POST]
  Session ID: f6403b4a9fe66cfd08dac5ab77e987eb
  Parameters: {"commit"=>"Calcular", "wfcvolado"=>{"mesini"=>"2", "cabequipo_id"=>"", "anofin"=>"2013", "log"=>"", "diafin"=>"31", "anoini"=>"2013", "mesfin"=>"2", "diaini"=>"1"}, "action"=>"calcularhoras", "controller"=>"wfcvuelos"}
************************************** aqui empieza
  [4;36;1mWfcvuelo Columns (0.015600)[0m   [0;1mSHOW FIELDS FROM wfcvuelos[0m
Rendering actionconsultahoraslayoutfalse within layouts/vuelos
Rendering wfcvuelos/consultahoras


ActionView::TemplateError (You have a nil object when you didn't expect it!
You might have expected an instance of Array.
The error occurred while evaluating nil.collect) on line #6 of app/views/wfcvuelos/consultahoras.rhtml:
3: 
4:       <div class="form-group">
5:         <label for="wfcvolado_cabequipo_id">Equipo</label>
6:         <%= select( 'wfcvolado', 'cabequipo_id' , @equipos.collect {|eqp| [eqp.nombre, eqp.id]}, {:prompt => 'Todos'},{:class=>"form-control"}) %>
7:       </div>
8:         <p><label class="page-header">Desde</label></p>
9:         <div class="form-group">

    C:/devel/sigec14/app/views/wfcvuelos/consultahoras.rhtml:6:in `_run_rhtml_47app47views47wfcvuelos47consultahoras46rhtml'
    C:/Ruby187/lib/ruby/gems/1.8/gems/actionpack-1.13.6/lib/action_view/helpers/capture_helper.rb:108:in `call'
    C:/Ruby187/lib/ruby/gems/1.8/gems/actionpack-1.13.6/lib/action_view/helpers/capture_helper.rb:108:in `capture_erb_with_buffer'
    C:/Ruby187/lib/ruby/gems/1.8/gems/actionpack-1.13.6/lib/action_view/helpers/capture_helper.rb:67:in `capture'
    C:/Ruby187/lib/ruby/gems/1.8/gems/actionpack-1.13.6/lib/action_view/helpers/form_tag_helper.rb:51:in `form_tag'
    C:/devel/sigec14/app/views/wfcvuelos/consultahoras.rhtml:2:in `_run_rhtml_47app47views47wfcvuelos47consultahoras46rhtml'
    C:/Ruby187/lib/ruby/gems/1.8/gems/actionpack-1.13.6/lib/action_view/base.rb:325:in `send'
    C:/Ruby187/lib/ruby/gems/1.8/gems/actionpack-1.13.6/lib/action_view/base.rb:325:in `compile_and_render_template'
    C:/Ruby187/lib/ruby/gems/1.8/gems/actionpack-1.13.6/lib/action_view/base.rb:301:in `render_template'
    C:/Ruby187/lib/ruby/gems/1.8/gems/actionpack-1.13.6/lib/action_view/base.rb:260:in `render_file'
    C:/Ruby187/lib/ruby/gems/1.8/gems/actionpack-1.13.6/lib/action_controller/base.rb:812:in `render_file'
    C:/Ruby187/lib/ruby/gems/1.8/gems/actionpack-1.13.6/lib/action_controller/base.rb:744:in `render_with_no_layout'
    C:/Ruby187/lib/ruby/gems/1.8/gems/actionpack-1.13.6/lib/action_controller/base.rb:869:in `render_without_layout'
    C:/Ruby187/lib/ruby/gems/1.8/gems/actionpack-1.13.6/lib/action_controller/base.rb:804:in `render_action'
    C:/Ruby187/lib/ruby/gems/1.8/gems/actionpack-1.13.6/lib/action_controller/base.rb:754:in `render_with_no_layout'
    C:/Ruby187/lib/ruby/gems/1.8/gems/activesupport-1.4.4/lib/active_support/deprecation.rb:44:in `silence'
    C:/Ruby187/lib/ruby/gems/1.8/gems/actionpack-1.13.6/lib/action_controller/base.rb:753:in `render_with_no_layout'
    C:/Ruby187/lib/ruby/gems/1.8/gems/actionpack-1.13.6/lib/action_controller/layout.rb:244:in `render_without_benchmark'
    C:/Ruby187/lib/ruby/gems/1.8/gems/actionpack-1.13.6/lib/action_controller/benchmarking.rb:50:in `render'
    C:/Ruby187/lib/ruby/1.8/benchmark.rb:293:in `measure'
    C:/Ruby187/lib/ruby/gems/1.8/gems/actionpack-1.13.6/lib/action_controller/benchmarking.rb:50:in `render'
    C:/devel/sigec14/app/controllers/wfcvuelos_controller.rb:345:in `calcularhoras'
    C:/Ruby187/lib/ruby/gems/1.8/gems/actionpack-1.13.6/lib/action_controller/base.rb:1101:in `send'
    C:/Ruby187/lib/ruby/gems/1.8/gems/actionpack-1.13.6/lib/action_controller/base.rb:1101:in `perform_action_without_filters'
    C:/Ruby187/lib/ruby/gems/1.8/gems/actionpack-1.13.6/lib/action_controller/filters.rb:696:in `call_filters'
    C:/Ruby187/lib/ruby/gems/1.8/gems/actionpack-1.13.6/lib/action_controller/filters.rb:688:in `perform_action_without_benchmark'
    C:/Ruby187/lib/ruby/gems/1.8/gems/actionpack-1.13.6/lib/action_controller/benchmarking.rb:66:in `perform_action_without_rescue'
    C:/Ruby187/lib/ruby/1.8/benchmark.rb:293:in `measure'
    C:/Ruby187/lib/ruby/gems/1.8/gems/actionpack-1.13.6/lib/action_controller/benchmarking.rb:66:in `perform_action_without_rescue'
    C:/Ruby187/lib/ruby/gems/1.8/gems/actionpack-1.13.6/lib/action_controller/rescue.rb:83:in `perform_action'
    C:/Ruby187/lib/ruby/gems/1.8/gems/actionpack-1.13.6/lib/action_controller/base.rb:435:in `send'
    C:/Ruby187/lib/ruby/gems/1.8/gems/actionpack-1.13.6/lib/action_controller/base.rb:435:in `process_without_filters'
    C:/Ruby187/lib/ruby/gems/1.8/gems/actionpack-1.13.6/lib/action_controller/filters.rb:684:in `process_without_session_management_support'
    C:/Ruby187/lib/ruby/gems/1.8/gems/actionpack-1.13.6/lib/action_controller/session_management.rb:114:in `process'
    C:/Ruby187/lib/ruby/gems/1.8/gems/actionpack-1.13.6/lib/action_controller/base.rb:334:in `process'
    C:/Ruby187/lib/ruby/gems/1.8/gems/rails-1.2.6/lib/dispatcher.rb:41:in `dispatch'
    C:/Ruby187/lib/ruby/gems/1.8/gems/rails-1.2.6/lib/webrick_server.rb:113:in `handle_dispatch'
    C:/Ruby187/lib/ruby/gems/1.8/gems/rails-1.2.6/lib/webrick_server.rb:79:in `service'
    C:/Ruby187/lib/ruby/1.8/webrick/httpserver.rb:104:in `service'
    C:/Ruby187/lib/ruby/1.8/webrick/httpserver.rb:65:in `run'
    C:/Ruby187/lib/ruby/1.8/webrick/server.rb:173:in `start_thread'
    C:/Ruby187/lib/ruby/1.8/webrick/server.rb:162:in `start'
    C:/Ruby187/lib/ruby/1.8/webrick/server.rb:162:in `start_thread'
    C:/Ruby187/lib/ruby/1.8/webrick/server.rb:95:in `start'
    C:/Ruby187/lib/ruby/1.8/webrick/server.rb:92:in `each'
    C:/Ruby187/lib/ruby/1.8/webrick/server.rb:92:in `start'
    C:/Ruby187/lib/ruby/1.8/webrick/server.rb:23:in `start'
    C:/Ruby187/lib/ruby/1.8/webrick/server.rb:82:in `start'
    C:/Ruby187/lib/ruby/gems/1.8/gems/rails-1.2.6/lib/webrick_server.rb:63:in `dispatch'
    C:/Ruby187/lib/ruby/gems/1.8/gems/rails-1.2.6/lib/commands/servers/webrick.rb:59
    C:/Ruby187/lib/ruby/site_ruby/1.8/rubygems/custom_require.rb:29:in `gem_original_require'
    C:/Ruby187/lib/ruby/site_ruby/1.8/rubygems/custom_require.rb:29:in `require'
    C:/Ruby187/lib/ruby/gems/1.8/gems/activesupport-1.4.4/lib/active_support/dependencies.rb:495:in `require'
    C:/Ruby187/lib/ruby/gems/1.8/gems/activesupport-1.4.4/lib/active_support/dependencies.rb:342:in `new_constants_in'
    C:/Ruby187/lib/ruby/gems/1.8/gems/activesupport-1.4.4/lib/active_support/dependencies.rb:495:in `require'
    C:/Ruby187/lib/ruby/gems/1.8/gems/rails-1.2.6/lib/commands/server.rb:39
    C:/Ruby187/lib/ruby/site_ruby/1.8/rubygems/custom_require.rb:29:in `gem_original_require'
    C:/Ruby187/lib/ruby/site_ruby/1.8/rubygems/custom_require.rb:29:in `require'
    script/server:3


Rendering C:/Ruby187/lib/ruby/gems/1.8/gems/actionpack-1.13.6/lib/action_controller/templates/rescues/layout.rhtml (500 Internal Error)
  [4;35;1mUsuario Columns (0.000000)[0m   [0mSHOW FIELDS FROM usuarios[0m


Processing WfcvuelosController#consultahoras (for 127.0.0.1 at 2015-02-03 12:02:30) [GET]
  Session ID: f6403b4a9fe66cfd08dac5ab77e987eb
  Parameters: {"action"=>"consultahoras", "controller"=>"wfcvuelos"}
  [4;36;1mCabequipo Load (0.000000)[0m   [0;1mSELECT * FROM cabequipos [0m
  [4;35;1mWfcvuelo Columns (0.000000)[0m   [0mSHOW FIELDS FROM wfcvuelos[0m
  [4;36;1mWfctripulante Load (0.000000)[0m   [0;1mSELECT * FROM wfctripulantes [0m
Rendering  within layouts/vuelos
Rendering wfcvuelos/consultahoras
  [4;35;1mCabequipo Columns (0.000000)[0m   [0mSHOW FIELDS FROM cabequipos[0m
Completed in 0.04680 (21 reqs/sec) | Rendering: 0.01560 (33%) | DB: 0.00000 (0%) | 200 OK [http://localhost/wfcvuelos/consultahoras]
  [4;36;1mUsuario Columns (0.015600)[0m   [0;1mSHOW FIELDS FROM usuarios[0m


Processing WfcvuelosController#calcularhoras (for 127.0.0.1 at 2015-02-03 12:03:30) [POST]
  Session ID: f6403b4a9fe66cfd08dac5ab77e987eb
  Parameters: {"commit"=>"Calcular", "wfcvolado"=>{"mesini"=>"1", "cabequipo_id"=>"", "anofin"=>"2010", "log"=>"", "diafin"=>"31", "anoini"=>"2010", "mesfin"=>"1", "diaini"=>"1"}, "action"=>"calcularhoras", "controller"=>"wfcvuelos"}
************************************** aqui empieza
  [4;35;1mWfcvuelo Columns (0.000000)[0m   [0mSHOW FIELDS FROM wfcvuelos[0m
  [4;36;1mWfcvuelo Load (0.015601)[0m   [0;1mSELECT * FROM wfcvuelos WHERE cerrarvuelo = 1 AND anoini >= 2010 AND anofin <= 2010 AND status != 1001[0m
  [4;35;1mWfctripulante Load (0.000000)[0m   [0mSELECT * FROM wfctripulantes WHERE (nombres not like '%ninguno%' and cedula not like '%000%' and (nombres like '%%' or apellidos like '%%')) ORDER BY orden,nombres[0m
  [4;36;1mWfctripulante Columns (0.000000)[0m   [0;1mSHOW FIELDS FROM wfctripulantes[0m
Rendering  within layouts/vuelos
Rendering wfcvuelos/calcularhoras
Completed in 0.31200 (3 reqs/sec) | Rendering: 0.00000 (0%) | DB: 0.03120 (10%) | 200 OK [http://localhost/wfcvuelos/calcularhoras]
  [4;35;1mUsuario Columns (0.000000)[0m   [0mSHOW FIELDS FROM usuarios[0m


Processing WfcvuelosController#calcularhoras (for 127.0.0.1 at 2015-02-03 12:03:52) [POST]
  Session ID: f6403b4a9fe66cfd08dac5ab77e987eb
  Parameters: {"commit"=>"Calcular", "wfcvolado"=>{"mesini"=>"2", "cabequipo_id"=>"", "anofin"=>"2013", "log"=>"", "diafin"=>"31", "anoini"=>"2013", "mesfin"=>"2", "diaini"=>"1"}, "action"=>"calcularhoras", "controller"=>"wfcvuelos"}
************************************** aqui empieza
  [4;36;1mWfcvuelo Columns (0.015600)[0m   [0;1mSHOW FIELDS FROM wfcvuelos[0m
Rendering actionconsultahoraslayoutfalse within layouts/vuelos
Rendering wfcvuelos/consultahoras


ActionView::TemplateError (You have a nil object when you didn't expect it!
You might have expected an instance of Array.
The error occurred while evaluating nil.collect) on line #6 of app/views/wfcvuelos/consultahoras.rhtml:
3: 
4:       <div class="form-group">
5:         <label for="wfcvolado_cabequipo_id">Equipo</label>
6:         <%= select( 'wfcvolado', 'cabequipo_id' , @equipos.collect {|eqp| [eqp.nombre, eqp.id]}, {:prompt => 'Todos'},{:class=>"form-control"}) %>
7:       </div>
8:         <p><label class="page-header">Desde</label></p>
9:         <div class="form-group">

    C:/devel/sigec14/app/views/wfcvuelos/consultahoras.rhtml:6:in `_run_rhtml_47app47views47wfcvuelos47consultahoras46rhtml'
    C:/Ruby187/lib/ruby/gems/1.8/gems/actionpack-1.13.6/lib/action_view/helpers/capture_helper.rb:108:in `call'
    C:/Ruby187/lib/ruby/gems/1.8/gems/actionpack-1.13.6/lib/action_view/helpers/capture_helper.rb:108:in `capture_erb_with_buffer'
    C:/Ruby187/lib/ruby/gems/1.8/gems/actionpack-1.13.6/lib/action_view/helpers/capture_helper.rb:67:in `capture'
    C:/Ruby187/lib/ruby/gems/1.8/gems/actionpack-1.13.6/lib/action_view/helpers/form_tag_helper.rb:51:in `form_tag'
    C:/devel/sigec14/app/views/wfcvuelos/consultahoras.rhtml:2:in `_run_rhtml_47app47views47wfcvuelos47consultahoras46rhtml'
    C:/Ruby187/lib/ruby/gems/1.8/gems/actionpack-1.13.6/lib/action_view/base.rb:325:in `send'
    C:/Ruby187/lib/ruby/gems/1.8/gems/actionpack-1.13.6/lib/action_view/base.rb:325:in `compile_and_render_template'
    C:/Ruby187/lib/ruby/gems/1.8/gems/actionpack-1.13.6/lib/action_view/base.rb:301:in `render_template'
    C:/Ruby187/lib/ruby/gems/1.8/gems/actionpack-1.13.6/lib/action_view/base.rb:260:in `render_file'
    C:/Ruby187/lib/ruby/gems/1.8/gems/actionpack-1.13.6/lib/action_controller/base.rb:812:in `render_file'
    C:/Ruby187/lib/ruby/gems/1.8/gems/actionpack-1.13.6/lib/action_controller/base.rb:744:in `render_with_no_layout'
    C:/Ruby187/lib/ruby/gems/1.8/gems/actionpack-1.13.6/lib/action_controller/base.rb:869:in `render_without_layout'
    C:/Ruby187/lib/ruby/gems/1.8/gems/actionpack-1.13.6/lib/action_controller/base.rb:804:in `render_action'
    C:/Ruby187/lib/ruby/gems/1.8/gems/actionpack-1.13.6/lib/action_controller/base.rb:754:in `render_with_no_layout'
    C:/Ruby187/lib/ruby/gems/1.8/gems/activesupport-1.4.4/lib/active_support/deprecation.rb:44:in `silence'
    C:/Ruby187/lib/ruby/gems/1.8/gems/actionpack-1.13.6/lib/action_controller/base.rb:753:in `render_with_no_layout'
    C:/Ruby187/lib/ruby/gems/1.8/gems/actionpack-1.13.6/lib/action_controller/layout.rb:244:in `render_without_benchmark'
    C:/Ruby187/lib/ruby/gems/1.8/gems/actionpack-1.13.6/lib/action_controller/benchmarking.rb:50:in `render'
    C:/Ruby187/lib/ruby/1.8/benchmark.rb:293:in `measure'
    C:/Ruby187/lib/ruby/gems/1.8/gems/actionpack-1.13.6/lib/action_controller/benchmarking.rb:50:in `render'
    C:/devel/sigec14/app/controllers/wfcvuelos_controller.rb:345:in `calcularhoras'
    C:/Ruby187/lib/ruby/gems/1.8/gems/actionpack-1.13.6/lib/action_controller/base.rb:1101:in `send'
    C:/Ruby187/lib/ruby/gems/1.8/gems/actionpack-1.13.6/lib/action_controller/base.rb:1101:in `perform_action_without_filters'
    C:/Ruby187/lib/ruby/gems/1.8/gems/actionpack-1.13.6/lib/action_controller/filters.rb:696:in `call_filters'
    C:/Ruby187/lib/ruby/gems/1.8/gems/actionpack-1.13.6/lib/action_controller/filters.rb:688:in `perform_action_without_benchmark'
    C:/Ruby187/lib/ruby/gems/1.8/gems/actionpack-1.13.6/lib/action_controller/benchmarking.rb:66:in `perform_action_without_rescue'
    C:/Ruby187/lib/ruby/1.8/benchmark.rb:293:in `measure'
    C:/Ruby187/lib/ruby/gems/1.8/gems/actionpack-1.13.6/lib/action_controller/benchmarking.rb:66:in `perform_action_without_rescue'
    C:/Ruby187/lib/ruby/gems/1.8/gems/actionpack-1.13.6/lib/action_controller/rescue.rb:83:in `perform_action'
    C:/Ruby187/lib/ruby/gems/1.8/gems/actionpack-1.13.6/lib/action_controller/base.rb:435:in `send'
    C:/Ruby187/lib/ruby/gems/1.8/gems/actionpack-1.13.6/lib/action_controller/base.rb:435:in `process_without_filters'
    C:/Ruby187/lib/ruby/gems/1.8/gems/actionpack-1.13.6/lib/action_controller/filters.rb:684:in `process_without_session_management_support'
    C:/Ruby187/lib/ruby/gems/1.8/gems/actionpack-1.13.6/lib/action_controller/session_management.rb:114:in `process'
    C:/Ruby187/lib/ruby/gems/1.8/gems/actionpack-1.13.6/lib/action_controller/base.rb:334:in `process'
    C:/Ruby187/lib/ruby/gems/1.8/gems/rails-1.2.6/lib/dispatcher.rb:41:in `dispatch'
    C:/Ruby187/lib/ruby/gems/1.8/gems/rails-1.2.6/lib/webrick_server.rb:113:in `handle_dispatch'
    C:/Ruby187/lib/ruby/gems/1.8/gems/rails-1.2.6/lib/webrick_server.rb:79:in `service'
    C:/Ruby187/lib/ruby/1.8/webrick/httpserver.rb:104:in `service'
    C:/Ruby187/lib/ruby/1.8/webrick/httpserver.rb:65:in `run'
    C:/Ruby187/lib/ruby/1.8/webrick/server.rb:173:in `start_thread'
    C:/Ruby187/lib/ruby/1.8/webrick/server.rb:162:in `start'
    C:/Ruby187/lib/ruby/1.8/webrick/server.rb:162:in `start_thread'
    C:/Ruby187/lib/ruby/1.8/webrick/server.rb:95:in `start'
    C:/Ruby187/lib/ruby/1.8/webrick/server.rb:92:in `each'
    C:/Ruby187/lib/ruby/1.8/webrick/server.rb:92:in `start'
    C:/Ruby187/lib/ruby/1.8/webrick/server.rb:23:in `start'
    C:/Ruby187/lib/ruby/1.8/webrick/server.rb:82:in `start'
    C:/Ruby187/lib/ruby/gems/1.8/gems/rails-1.2.6/lib/webrick_server.rb:63:in `dispatch'
    C:/Ruby187/lib/ruby/gems/1.8/gems/rails-1.2.6/lib/commands/servers/webrick.rb:59
    C:/Ruby187/lib/ruby/site_ruby/1.8/rubygems/custom_require.rb:29:in `gem_original_require'
    C:/Ruby187/lib/ruby/site_ruby/1.8/rubygems/custom_require.rb:29:in `require'
    C:/Ruby187/lib/ruby/gems/1.8/gems/activesupport-1.4.4/lib/active_support/dependencies.rb:495:in `require'
    C:/Ruby187/lib/ruby/gems/1.8/gems/activesupport-1.4.4/lib/active_support/dependencies.rb:342:in `new_constants_in'
    C:/Ruby187/lib/ruby/gems/1.8/gems/activesupport-1.4.4/lib/active_support/dependencies.rb:495:in `require'
    C:/Ruby187/lib/ruby/gems/1.8/gems/rails-1.2.6/lib/commands/server.rb:39
    C:/Ruby187/lib/ruby/site_ruby/1.8/rubygems/custom_require.rb:29:in `gem_original_require'
    C:/Ruby187/lib/ruby/site_ruby/1.8/rubygems/custom_require.rb:29:in `require'
    script/server:3


Rendering C:/Ruby187/lib/ruby/gems/1.8/gems/actionpack-1.13.6/lib/action_controller/templates/rescues/layout.rhtml (500 Internal Error)
  [4;35;1mUsuario Columns (0.000000)[0m   [0mSHOW FIELDS FROM usuarios[0m


Processing WfcvuelosController#calcularhoras (for 127.0.0.1 at 2015-02-03 12:05:09) [POST]
  Session ID: f6403b4a9fe66cfd08dac5ab77e987eb
  Parameters: {"commit"=>"Calcular", "wfcvolado"=>{"mesini"=>"2", "cabequipo_id"=>"", "anofin"=>"2013", "log"=>"", "diafin"=>"31", "anoini"=>"2013", "mesfin"=>"2", "diaini"=>"1"}, "action"=>"calcularhoras", "controller"=>"wfcvuelos"}
************************************** aqui empieza
  [4;36;1mWfcvuelo Columns (0.000000)[0m   [0;1mSHOW FIELDS FROM wfcvuelos[0m
  [4;35;1mCabequipo Load (0.000000)[0m   [0mSELECT * FROM cabequipos [0m
  [4;36;1mWfctripulante Load (0.000000)[0m   [0;1mSELECT * FROM wfctripulantes [0m
Rendering actionconsultahoraslayoutfalse within layouts/vuelos
Rendering wfcvuelos/consultahoras
  [4;35;1mCabequipo Columns (0.000000)[0m   [0mSHOW FIELDS FROM cabequipos[0m
Completed in 0.06240 (16 reqs/sec) | Rendering: 0.01560 (25%) | DB: 0.00000 (0%) | 200 OK [http://localhost/wfcvuelos/calcularhoras]
  [4;36;1mUsuario Columns (0.015600)[0m   [0;1mSHOW FIELDS FROM usuarios[0m


Processing WfcvuelosController#calcularhoras (for 127.0.0.1 at 2015-02-03 12:05:13) [POST]
  Session ID: f6403b4a9fe66cfd08dac5ab77e987eb
  Parameters: {"commit"=>"Calcular", "wfcvolado"=>{"mesini"=>"1", "cabequipo_id"=>"", "anofin"=>"2010", "log"=>"", "diafin"=>"1", "anoini"=>"2010", "mesfin"=>"1", "diaini"=>"1"}, "action"=>"calcularhoras", "controller"=>"wfcvuelos"}
************************************** aqui empieza
  [4;35;1mWfcvuelo Columns (0.000000)[0m   [0mSHOW FIELDS FROM wfcvuelos[0m
  [4;36;1mWfcvuelo Load (0.015600)[0m   [0;1mSELECT * FROM wfcvuelos WHERE cerrarvuelo = 1 AND anoini >= 2010 AND anofin <= 2010 AND status != 1001[0m
  [4;35;1mWfctripulante Load (0.000000)[0m   [0mSELECT * FROM wfctripulantes WHERE (nombres not like '%ninguno%' and cedula not like '%000%' and (nombres like '%%' or apellidos like '%%')) ORDER BY orden,nombres[0m
  [4;36;1mWfctripulante Columns (0.015600)[0m   [0;1mSHOW FIELDS FROM wfctripulantes[0m
Rendering  within layouts/vuelos
Rendering wfcvuelos/calcularhoras
Completed in 0.15600 (6 reqs/sec) | Rendering: 0.00000 (0%) | DB: 0.04680 (29%) | 200 OK [http://localhost/wfcvuelos/calcularhoras]
  [4;35;1mUsuario Columns (0.000000)[0m   [0mSHOW FIELDS FROM usuarios[0m


Processing WfcvuelosController#calcularhoras (for 127.0.0.1 at 2015-02-03 12:05:34) [POST]
  Session ID: f6403b4a9fe66cfd08dac5ab77e987eb
  Parameters: {"commit"=>"Calcular", "wfcvolado"=>{"mesini"=>"1", "cabequipo_id"=>"", "anofin"=>"2013", "log"=>"", "diafin"=>"31", "anoini"=>"2013", "mesfin"=>"2", "diaini"=>"31"}, "action"=>"calcularhoras", "controller"=>"wfcvuelos"}
************************************** aqui empieza
  [4;36;1mWfcvuelo Columns (0.015600)[0m   [0;1mSHOW FIELDS FROM wfcvuelos[0m
  [4;35;1mCabequipo Load (0.000000)[0m   [0mSELECT * FROM cabequipos [0m
  [4;36;1mWfctripulante Load (0.000000)[0m   [0;1mSELECT * FROM wfctripulantes [0m
Rendering actionconsultahoraslayoutfalse within layouts/vuelos
Rendering wfcvuelos/consultahoras
  [4;35;1mCabequipo Columns (0.015600)[0m   [0mSHOW FIELDS FROM cabequipos[0m
Completed in 0.04680 (21 reqs/sec) | Rendering: 0.00000 (0%) | DB: 0.03120 (66%) | 200 OK [http://localhost/wfcvuelos/calcularhoras]
  [4;36;1mUsuario Columns (0.000000)[0m   [0;1mSHOW FIELDS FROM usuarios[0m


Processing WfcvuelosController#calcularhoras (for 127.0.0.1 at 2015-02-03 12:08:32) [POST]
  Session ID: f6403b4a9fe66cfd08dac5ab77e987eb
  Parameters: {"commit"=>"Calcular", "wfcvolado"=>{"mesini"=>"1", "cabequipo_id"=>"", "anofin"=>"2010", "log"=>"", "diafin"=>"31", "anoini"=>"2010", "mesfin"=>"2", "diaini"=>"1"}, "action"=>"calcularhoras", "controller"=>"wfcvuelos"}
************************************** aqui empieza
  [4;35;1mWfcvuelo Columns (0.000000)[0m   [0mSHOW FIELDS FROM wfcvuelos[0m
  [4;36;1mCabequipo Load (0.000000)[0m   [0;1mSELECT * FROM cabequipos [0m
  [4;35;1mWfctripulante Load (0.000000)[0m   [0mSELECT * FROM wfctripulantes [0m
Rendering actionconsultahoraslayoutfalse within layouts/vuelos
Rendering wfcvuelos/consultahoras
  [4;36;1mCabequipo Columns (0.000000)[0m   [0;1mSHOW FIELDS FROM cabequipos[0m
Completed in 0.06240 (16 reqs/sec) | Rendering: 0.01560 (24%) | DB: 0.00000 (0%) | 200 OK [http://localhost/wfcvuelos/calcularhoras]
  [4;35;1mUsuario Columns (0.000000)[0m   [0mSHOW FIELDS FROM usuarios[0m


Processing WfcvuelosController#calcularhoras (for 127.0.0.1 at 2015-02-03 12:08:39) [POST]
  Session ID: f6403b4a9fe66cfd08dac5ab77e987eb
  Parameters: {"commit"=>"Calcular", "wfcvolado"=>{"mesini"=>"1", "cabequipo_id"=>"", "anofin"=>"2010", "log"=>"", "diafin"=>"1", "anoini"=>"2010", "mesfin"=>"1", "diaini"=>"1"}, "action"=>"calcularhoras", "controller"=>"wfcvuelos"}
************************************** aqui empieza
  [4;36;1mWfcvuelo Columns (0.015600)[0m   [0;1mSHOW FIELDS FROM wfcvuelos[0m
  [4;35;1mWfcvuelo Load (0.015600)[0m   [0mSELECT * FROM wfcvuelos WHERE cerrarvuelo = 1 AND anoini >= 2010 AND anofin <= 2010 AND status != 1001[0m
  [4;36;1mWfctripulante Load (0.015600)[0m   [0;1mSELECT * FROM wfctripulantes WHERE (nombres not like '%ninguno%' and cedula not like '%000%' and (nombres like '%%' or apellidos like '%%')) ORDER BY orden,nombres[0m
  [4;35;1mWfctripulante Columns (0.000000)[0m   [0mSHOW FIELDS FROM wfctripulantes[0m
Rendering  within layouts/vuelos
Rendering wfcvuelos/calcularhoras
Completed in 0.14040 (7 reqs/sec) | Rendering: 0.00000 (0%) | DB: 0.04680 (33%) | 200 OK [http://localhost/wfcvuelos/calcularhoras]
  [4;36;1mUsuario Columns (0.015600)[0m   [0;1mSHOW FIELDS FROM usuarios[0m


Processing WfcvuelosController#consultahoras (for 127.0.0.1 at 2015-02-03 12:08:42) [GET]
  Session ID: f6403b4a9fe66cfd08dac5ab77e987eb
  Parameters: {"action"=>"consultahoras", "controller"=>"wfcvuelos"}
  [4;35;1mCabequipo Load (0.000000)[0m   [0mSELECT * FROM cabequipos [0m
  [4;36;1mWfcvuelo Columns (0.015600)[0m   [0;1mSHOW FIELDS FROM wfcvuelos[0m
  [4;35;1mWfctripulante Load (0.000000)[0m   [0mSELECT * FROM wfctripulantes [0m
Rendering  within layouts/vuelos
Rendering wfcvuelos/consultahoras
  [4;36;1mCabequipo Columns (0.015600)[0m   [0;1mSHOW FIELDS FROM cabequipos[0m
Completed in 0.04680 (21 reqs/sec) | Rendering: 0.00000 (0%) | DB: 0.04680 (100%) | 200 OK [http://localhost/wfcvuelos/consultahoras]
  [4;35;1mUsuario Columns (0.124800)[0m   [0mSHOW FIELDS FROM usuarios[0m


Processing WfcvuelosController#calcularhoras (for 127.0.0.1 at 2015-02-03 12:09:51) [POST]
  Session ID: f6403b4a9fe66cfd08dac5ab77e987eb
  Parameters: {"commit"=>"Calcular", "wfcvolado"=>{"mesini"=>"1", "cabequipo_id"=>"", "anofin"=>"2010", "log"=>"", "diafin"=>"31", "anoini"=>"2010", "mesfin"=>"2", "diaini"=>"1"}, "action"=>"calcularhoras", "controller"=>"wfcvuelos"}
************************************** aqui empieza
  [4;36;1mWfcvuelo Columns (0.000000)[0m   [0;1mSHOW FIELDS FROM wfcvuelos[0m
  [4;35;1mCabequipo Load (0.000000)[0m   [0mSELECT * FROM cabequipos [0m
  [4;36;1mWfctripulante Load (0.000000)[0m   [0;1mSELECT * FROM wfctripulantes [0m
Rendering actionconsultahoraslayoutfalse within layouts/vuelos
Rendering wfcvuelos/consultahoras
  [4;35;1mCabequipo Columns (0.000000)[0m   [0mSHOW FIELDS FROM cabequipos[0m
Completed in 0.06240 (16 reqs/sec) | Rendering: 0.01560 (25%) | DB: 0.12480 (199%) | 200 OK [http://localhost/wfcvuelos/calcularhoras]
  [4;36;1mUsuario Columns (0.015600)[0m   [0;1mSHOW FIELDS FROM usuarios[0m


Processing WfcvuelosController#calcularhoras (for 127.0.0.1 at 2015-02-03 12:10:15) [POST]
  Session ID: f6403b4a9fe66cfd08dac5ab77e987eb
  Parameters: {"commit"=>"Calcular", "wfcvolado"=>{"mesini"=>"1", "cabequipo_id"=>"", "anofin"=>"2010", "log"=>"", "diafin"=>"31", "anoini"=>"2010", "mesfin"=>"1", "diaini"=>"1"}, "action"=>"calcularhoras", "controller"=>"wfcvuelos"}
************************************** aqui empieza
  [4;35;1mWfcvuelo Columns (0.000000)[0m   [0mSHOW FIELDS FROM wfcvuelos[0m
  [4;36;1mWfcvuelo Load (0.015600)[0m   [0;1mSELECT * FROM wfcvuelos WHERE cerrarvuelo = 1 AND anoini >= 2010 AND anofin <= 2010 AND status != 1001[0m
  [4;35;1mWfctripulante Load (0.000000)[0m   [0mSELECT * FROM wfctripulantes WHERE (nombres not like '%ninguno%' and cedula not like '%000%' and (nombres like '%%' or apellidos like '%%')) ORDER BY orden,nombres[0m
  [4;36;1mWfctripulante Columns (0.000000)[0m   [0;1mSHOW FIELDS FROM wfctripulantes[0m
Rendering  within layouts/vuelos
Rendering wfcvuelos/calcularhoras
Completed in 0.14040 (7 reqs/sec) | Rendering: 0.00000 (0%) | DB: 0.03120 (22%) | 200 OK [http://localhost/wfcvuelos/calcularhoras]
  [4;35;1mUsuario Columns (0.000000)[0m   [0mSHOW FIELDS FROM usuarios[0m


Processing WfcvuelosController#horasequipos (for 127.0.0.1 at 2015-02-03 12:10:18) [GET]
  Session ID: f6403b4a9fe66cfd08dac5ab77e987eb
  Parameters: {"action"=>"horasequipos", "controller"=>"wfcvuelos"}
  [4;36;1mCabequipo Load (0.000000)[0m   [0;1mSELECT * FROM cabequipos [0m
  [4;35;1mWfcvuelo Columns (0.000000)[0m   [0mSHOW FIELDS FROM wfcvuelos[0m
Rendering  within layouts/vuelos
Rendering wfcvuelos/horasequipos
  [4;36;1mCabequipo Columns (0.000000)[0m   [0;1mSHOW FIELDS FROM cabequipos[0m
Completed in 0.03120 (32 reqs/sec) | Rendering: 0.01560 (50%) | DB: 0.00000 (0%) | 200 OK [http://localhost/wfcvuelos/horasequipos]
  [4;35;1mUsuario Columns (0.000000)[0m   [0mSHOW FIELDS FROM usuarios[0m


Processing WfcvuelosController#consultahoras (for 127.0.0.1 at 2015-02-03 12:10:22) [GET]
  Session ID: f6403b4a9fe66cfd08dac5ab77e987eb
  Parameters: {"action"=>"consultahoras", "controller"=>"wfcvuelos"}
  [4;36;1mCabequipo Load (0.000000)[0m   [0;1mSELECT * FROM cabequipos [0m
  [4;35;1mWfcvuelo Columns (0.000000)[0m   [0mSHOW FIELDS FROM wfcvuelos[0m
  [4;36;1mWfctripulante Load (0.000000)[0m   [0;1mSELECT * FROM wfctripulantes [0m
Rendering  within layouts/vuelos
Rendering wfcvuelos/consultahoras
  [4;35;1mCabequipo Columns (0.000000)[0m   [0mSHOW FIELDS FROM cabequipos[0m
Completed in 0.04680 (21 reqs/sec) | Rendering: 0.01560 (33%) | DB: 0.00000 (0%) | 200 OK [http://localhost/wfcvuelos/consultahoras]
  [4;36;1mUsuario Columns (0.000000)[0m   [0;1mSHOW FIELDS FROM usuarios[0m


Processing WfcvuelosController#calcularhoras (for 127.0.0.1 at 2015-02-03 12:10:33) [POST]
  Session ID: f6403b4a9fe66cfd08dac5ab77e987eb
  Parameters: {"commit"=>"Calcular", "wfcvolado"=>{"mesini"=>"1", "cabequipo_id"=>"", "anofin"=>"2010", "log"=>"", "diafin"=>"31", "anoini"=>"2010", "mesfin"=>"2", "diaini"=>"1"}, "action"=>"calcularhoras", "controller"=>"wfcvuelos"}
************************************** aqui empieza
  [4;35;1mWfcvuelo Columns (0.015600)[0m   [0mSHOW FIELDS FROM wfcvuelos[0m
  [4;36;1mCabequipo Load (0.000000)[0m   [0;1mSELECT * FROM cabequipos [0m
  [4;35;1mWfctripulante Load (0.000000)[0m   [0mSELECT * FROM wfctripulantes [0m
Rendering actionconsultahoraslayoutfalse within layouts/vuelos
Rendering wfcvuelos/consultahoras
  [4;36;1mCabequipo Columns (0.000000)[0m   [0;1mSHOW FIELDS FROM cabequipos[0m
Completed in 0.04680 (21 reqs/sec) | Rendering: 0.01560 (33%) | DB: 0.01560 (33%) | 200 OK [http://localhost/wfcvuelos/calcularhoras]
  [4;35;1mUsuario Columns (0.005000)[0m   [0mSHOW FIELDS FROM usuarios[0m


Processing WfcvuelosController#calcularhoras (for 127.0.0.1 at 2015-02-03 12:11:19) [POST]
  Session ID: f6403b4a9fe66cfd08dac5ab77e987eb
  Parameters: {"commit"=>"Calcular", "wfcvolado"=>{"mesini"=>"1", "cabequipo_id"=>"", "anofin"=>"2010", "log"=>"", "diafin"=>"31", "anoini"=>"2010", "mesfin"=>"2", "diaini"=>"1"}, "action"=>"calcularhoras", "controller"=>"wfcvuelos"}
************************************** aqui empieza
  [4;36;1mWfcvuelo Columns (0.006001)[0m   [0;1mSHOW FIELDS FROM wfcvuelos[0m
  [4;35;1mCabequipo Load (0.000000)[0m   [0mSELECT * FROM cabequipos [0m
  [4;36;1mWfctripulante Load (0.001000)[0m   [0;1mSELECT * FROM wfctripulantes [0m
Rendering actionconsultahoraslayoutfalse within layouts/vuelos
Rendering wfcvuelos/consultahoras
  [4;35;1mCabequipo Columns (0.004000)[0m   [0mSHOW FIELDS FROM cabequipos[0m
Completed in 0.05100 (19 reqs/sec) | Rendering: 0.01000 (19%) | DB: 0.01600 (31%) | 200 OK [http://localhost/wfcvuelos/calcularhoras]
  [4;36;1mUsuario Columns (0.004000)[0m   [0;1mSHOW FIELDS FROM usuarios[0m


Processing WfcvuelosController#consultahoras (for 127.0.0.1 at 2015-02-03 12:11:34) [GET]
  Session ID: f6403b4a9fe66cfd08dac5ab77e987eb
  Parameters: {"action"=>"consultahoras", "controller"=>"wfcvuelos"}
  [4;35;1mCabequipo Load (0.000000)[0m   [0mSELECT * FROM cabequipos [0m
  [4;36;1mWfcvuelo Columns (0.006000)[0m   [0;1mSHOW FIELDS FROM wfcvuelos[0m
  [4;35;1mWfctripulante Load (0.082004)[0m   [0mSELECT * FROM wfctripulantes [0m
Rendering  within layouts/vuelos
Rendering wfcvuelos/consultahoras
  [4;36;1mCabequipo Columns (0.003000)[0m   [0;1mSHOW FIELDS FROM cabequipos[0m
Completed in 0.12101 (8 reqs/sec) | Rendering: 0.00800 (6%) | DB: 0.09500 (78%) | 200 OK [http://localhost/wfcvuelos/consultahoras]
  [4;35;1mUsuario Columns (0.004000)[0m   [0mSHOW FIELDS FROM usuarios[0m


Processing WfcvuelosController#calcularhoras (for 127.0.0.1 at 2015-02-03 12:12:58) [POST]
  Session ID: f6403b4a9fe66cfd08dac5ab77e987eb
  Parameters: {"commit"=>"Calcular", "wfcvolado"=>{"mesini"=>"1", "cabequipo_id"=>"", "anofin"=>"2010", "log"=>"", "diafin"=>"31", "anoini"=>"2010", "mesfin"=>"2", "diaini"=>"1"}, "action"=>"calcularhoras", "controller"=>"wfcvuelos"}
************************************** aqui empieza
  [4;36;1mWfcvuelo Columns (0.006001)[0m   [0;1mSHOW FIELDS FROM wfcvuelos[0m
  [4;35;1mCabequipo Load (0.001000)[0m   [0mSELECT * FROM cabequipos [0m
  [4;36;1mWfctripulante Load (0.001000)[0m   [0;1mSELECT * FROM wfctripulantes [0m
Rendering actionconsultahoraslayoutfalse within layouts/vuelos
Rendering wfcvuelos/consultahoras
  [4;35;1mCabequipo Columns (0.004001)[0m   [0mSHOW FIELDS FROM cabequipos[0m
Completed in 0.04900 (20 reqs/sec) | Rendering: 0.01000 (20%) | DB: 0.01600 (32%) | 200 OK [http://localhost/wfcvuelos/calcularhoras]
  [4;36;1mUsuario Columns (0.000000)[0m   [0;1mSHOW FIELDS FROM usuarios[0m


Processing WfcvuelosController#calcularhoras (for 127.0.0.1 at 2015-02-03 12:14:50) [POST]
  Session ID: f6403b4a9fe66cfd08dac5ab77e987eb
  Parameters: {"commit"=>"Calcular", "wfcvolado"=>{"mesini"=>"3", "cabequipo_id"=>"", "anofin"=>"2013", "log"=>"", "diafin"=>"1", "anoini"=>"2013", "mesfin"=>"5", "diaini"=>"1"}, "action"=>"calcularhoras", "controller"=>"wfcvuelos"}
************************************** aqui empieza
  [4;35;1mWfcvuelo Columns (0.000000)[0m   [0mSHOW FIELDS FROM wfcvuelos[0m
  [4;36;1mWfcvuelo Load (0.015600)[0m   [0;1mSELECT * FROM wfcvuelos WHERE cerrarvuelo = 1 AND anoini >= 2013 AND anofin <= 2013 AND status != 1001[0m
  [4;35;1mWfctripulante Load (0.000000)[0m   [0mSELECT * FROM wfctripulantes WHERE (nombres not like '%ninguno%' and cedula not like '%000%' and (nombres like '%%' or apellidos like '%%')) ORDER BY orden,nombres[0m
  [4;36;1mWfctripulante Columns (0.000000)[0m   [0;1mSHOW FIELDS FROM wfctripulantes[0m
Rendering  within layouts/vuelos
Rendering wfcvuelos/calcularhoras
Completed in 0.49920 (2 reqs/sec) | Rendering: 0.00000 (0%) | DB: 0.01560 (3%) | 200 OK [http://localhost/wfcvuelos/calcularhoras]
  [4;35;1mUsuario Columns (0.000000)[0m   [0mSHOW FIELDS FROM usuarios[0m


Processing WfcvuelosController#calcularhoras (for 127.0.0.1 at 2015-02-03 12:15:08) [POST]
  Session ID: f6403b4a9fe66cfd08dac5ab77e987eb
  Parameters: {"commit"=>"Calcular", "wfcvolado"=>{"mesini"=>"3", "cabequipo_id"=>"", "anofin"=>"2013", "log"=>"", "diafin"=>"1", "anoini"=>"2013", "mesfin"=>"6", "diaini"=>"1"}, "action"=>"calcularhoras", "controller"=>"wfcvuelos"}
************************************** aqui empieza
  [4;36;1mWfcvuelo Columns (0.000000)[0m   [0;1mSHOW FIELDS FROM wfcvuelos[0m
  [4;35;1mWfcvuelo Load (0.015600)[0m   [0mSELECT * FROM wfcvuelos WHERE cerrarvuelo = 1 AND anoini >= 2013 AND anofin <= 2013 AND status != 1001[0m
  [4;36;1mWfctripulante Load (0.000000)[0m   [0;1mSELECT * FROM wfctripulantes WHERE (nombres not like '%ninguno%' and cedula not like '%000%' and (nombres like '%%' or apellidos like '%%')) ORDER BY orden,nombres[0m
  [4;35;1mWfctripulante Columns (0.000000)[0m   [0mSHOW FIELDS FROM wfctripulantes[0m
Rendering  within layouts/vuelos
Rendering wfcvuelos/calcularhoras
Completed in 0.51480 (1 reqs/sec) | Rendering: 0.01560 (3%) | DB: 0.01560 (3%) | 200 OK [http://localhost/wfcvuelos/calcularhoras]
  [4;36;1mUsuario Columns (0.000000)[0m   [0;1mSHOW FIELDS FROM usuarios[0m


Processing WfcvuelosController#detalle (for 127.0.0.1 at 2015-02-03 12:15:13) [POST]
  Session ID: f6403b4a9fe66cfd08dac5ab77e987eb
  Parameters: {"mesini"=>"3", "anofin"=>"2013", "action"=>"detalle", "id"=>"29", "diafin"=>"1", "anoini"=>"2013", "mesfin"=>"6", "controller"=>"wfcvuelos", "diaini"=>"1"}
  [4;35;1mWfctripulante Load (0.015600)[0m   [0mSELECT * FROM wfctripulantes WHERE (wfctripulantes.`id` = '29') LIMIT 1[0m
  [4;36;1mWfcvuelo Load (0.046800)[0m   [0;1mSELECT * FROM wfcvuelos WHERE ((capitan='29' or copiloto='29' or jefecab='29' or trip01='29' or trip02='29' or trip03='29' or trip04='29' or desp='29' or mec='29') and (stfinvuelo=1) and (cerrarvuelo=1) and (status<>1001)) ORDER BY anoini,mesini,diaini,horaini,minini[0m
  [4;35;1mWfcvuelo Columns (0.000000)[0m   [0mSHOW FIELDS FROM wfcvuelos[0m
Rendering  within layouts/vuelos
Rendering wfcvuelos/detalle
  [4;36;1mWfctripulante Columns (0.000000)[0m   [0;1mSHOW FIELDS FROM wfctripulantes[0m
Completed in 0.45240 (2 reqs/sec) | Rendering: 0.01560 (3%) | DB: 0.06240 (13%) | 200 OK [http://localhost/wfcvuelos/detalle/29?anofin=2013&anoini=2013&diafin=1&diaini=1&mesfin=6&mesini=3]
  [4;35;1mUsuario Columns (0.000000)[0m   [0mSHOW FIELDS FROM usuarios[0m


Processing WfcvuelosController#calcularhoras (for 127.0.0.1 at 2015-02-03 12:15:41) [POST]
  Session ID: f6403b4a9fe66cfd08dac5ab77e987eb
  Parameters: {"commit"=>"Calcular", "wfcvolado"=>{"mesini"=>"5", "cabequipo_id"=>"", "anofin"=>"2013", "log"=>"", "diafin"=>"9", "anoini"=>"2013", "mesfin"=>"5", "diaini"=>"7"}, "action"=>"calcularhoras", "controller"=>"wfcvuelos"}
************************************** aqui empieza
  [4;36;1mWfcvuelo Columns (0.015600)[0m   [0;1mSHOW FIELDS FROM wfcvuelos[0m
  [4;35;1mWfcvuelo Load (0.031200)[0m   [0mSELECT * FROM wfcvuelos WHERE cerrarvuelo = 1 AND anoini >= 2013 AND anofin <= 2013 AND status != 1001[0m
  [4;36;1mWfctripulante Load (0.015600)[0m   [0;1mSELECT * FROM wfctripulantes WHERE (nombres not like '%ninguno%' and cedula not like '%000%' and (nombres like '%%' or apellidos like '%%')) ORDER BY orden,nombres[0m
  [4;35;1mWfctripulante Columns (0.000000)[0m   [0mSHOW FIELDS FROM wfctripulantes[0m
Rendering  within layouts/vuelos
Rendering wfcvuelos/calcularhoras
Completed in 0.49920 (2 reqs/sec) | Rendering: 0.00000 (0%) | DB: 0.06240 (12%) | 200 OK [http://localhost/wfcvuelos/calcularhoras]
  [4;36;1mUsuario Columns (0.000000)[0m   [0;1mSHOW FIELDS FROM usuarios[0m


Processing WfcvuelosController#detalle (for 127.0.0.1 at 2015-02-03 12:15:45) [POST]
  Session ID: f6403b4a9fe66cfd08dac5ab77e987eb
  Parameters: {"mesini"=>"5", "anofin"=>"2013", "action"=>"detalle", "id"=>"29", "diafin"=>"9", "anoini"=>"2013", "mesfin"=>"5", "controller"=>"wfcvuelos", "diaini"=>"7"}
  [4;35;1mWfctripulante Load (0.000000)[0m   [0mSELECT * FROM wfctripulantes WHERE (wfctripulantes.`id` = '29') LIMIT 1[0m
  [4;36;1mWfcvuelo Load (0.031200)[0m   [0;1mSELECT * FROM wfcvuelos WHERE ((capitan='29' or copiloto='29' or jefecab='29' or trip01='29' or trip02='29' or trip03='29' or trip04='29' or desp='29' or mec='29') and (stfinvuelo=1) and (cerrarvuelo=1) and (status<>1001)) ORDER BY anoini,mesini,diaini,horaini,minini[0m
  [4;35;1mWfcvuelo Columns (0.000000)[0m   [0mSHOW FIELDS FROM wfcvuelos[0m
Rendering  within layouts/vuelos
Rendering wfcvuelos/detalle
  [4;36;1mWfctripulante Columns (0.000000)[0m   [0;1mSHOW FIELDS FROM wfctripulantes[0m
Completed in 0.28080 (3 reqs/sec) | Rendering: 0.00000 (0%) | DB: 0.03120 (11%) | 200 OK [http://localhost/wfcvuelos/detalle/29?anofin=2013&anoini=2013&diafin=9&diaini=7&mesfin=5&mesini=5]
  [4;35;1mUsuario Columns (0.000000)[0m   [0mSHOW FIELDS FROM usuarios[0m


Processing WfcvuelosController#calcularhoras (for 127.0.0.1 at 2015-02-03 12:15:57) [POST]
  Session ID: f6403b4a9fe66cfd08dac5ab77e987eb
  Parameters: {"commit"=>"Calcular", "wfcvolado"=>{"mesini"=>"5", "cabequipo_id"=>"", "anofin"=>"2013", "log"=>"", "diafin"=>"9", "anoini"=>"2013", "mesfin"=>"5", "diaini"=>"8"}, "action"=>"calcularhoras", "controller"=>"wfcvuelos"}
************************************** aqui empieza
  [4;36;1mWfcvuelo Columns (0.015600)[0m   [0;1mSHOW FIELDS FROM wfcvuelos[0m
  [4;35;1mWfcvuelo Load (0.031200)[0m   [0mSELECT * FROM wfcvuelos WHERE cerrarvuelo = 1 AND anoini >= 2013 AND anofin <= 2013 AND status != 1001[0m
  [4;36;1mWfctripulante Load (0.000000)[0m   [0;1mSELECT * FROM wfctripulantes WHERE (nombres not like '%ninguno%' and cedula not like '%000%' and (nombres like '%%' or apellidos like '%%')) ORDER BY orden,nombres[0m
  [4;35;1mWfctripulante Columns (0.000000)[0m   [0mSHOW FIELDS FROM wfctripulantes[0m
Rendering  within layouts/vuelos
Rendering wfcvuelos/calcularhoras
Completed in 0.63960 (1 reqs/sec) | Rendering: 0.00000 (0%) | DB: 0.04680 (7%) | 200 OK [http://localhost/wfcvuelos/calcularhoras]
  [4;36;1mUsuario Columns (0.015600)[0m   [0;1mSHOW FIELDS FROM usuarios[0m


Processing WfcvuelosController#detalle (for 127.0.0.1 at 2015-02-03 12:16:00) [POST]
  Session ID: f6403b4a9fe66cfd08dac5ab77e987eb
  Parameters: {"mesini"=>"5", "anofin"=>"2013", "action"=>"detalle", "id"=>"29", "diafin"=>"9", "anoini"=>"2013", "mesfin"=>"5", "controller"=>"wfcvuelos", "diaini"=>"8"}
  [4;35;1mWfctripulante Load (0.000000)[0m   [0mSELECT * FROM wfctripulantes WHERE (wfctripulantes.`id` = '29') LIMIT 1[0m
  [4;36;1mWfcvuelo Load (0.046800)[0m   [0;1mSELECT * FROM wfcvuelos WHERE ((capitan='29' or copiloto='29' or jefecab='29' or trip01='29' or trip02='29' or trip03='29' or trip04='29' or desp='29' or mec='29') and (stfinvuelo=1) and (cerrarvuelo=1) and (status<>1001)) ORDER BY anoini,mesini,diaini,horaini,minini[0m
  [4;35;1mWfcvuelo Columns (0.000000)[0m   [0mSHOW FIELDS FROM wfcvuelos[0m
Rendering  within layouts/vuelos
Rendering wfcvuelos/detalle
  [4;36;1mWfctripulante Columns (0.015600)[0m   [0;1mSHOW FIELDS FROM wfctripulantes[0m
Completed in 0.29640 (3 reqs/sec) | Rendering: 0.00000 (0%) | DB: 0.07800 (26%) | 200 OK [http://localhost/wfcvuelos/detalle/29?anofin=2013&anoini=2013&diafin=9&diaini=8&mesfin=5&mesini=5]
  [4;35;1mUsuario Columns (0.000000)[0m   [0mSHOW FIELDS FROM usuarios[0m


Processing WfcvuelosController#detalle (for 127.0.0.1 at 2015-02-03 12:16:21) [POST]
  Session ID: f6403b4a9fe66cfd08dac5ab77e987eb
  Parameters: {"mesini"=>"5", "anofin"=>"2013", "action"=>"detalle", "id"=>"29", "diafin"=>"9", "anoini"=>"2013", "mesfin"=>"5", "controller"=>"wfcvuelos", "diaini"=>"8"}
  [4;36;1mWfctripulante Load (0.000000)[0m   [0;1mSELECT * FROM wfctripulantes WHERE (wfctripulantes.`id` = '29') LIMIT 1[0m
  [4;35;1mWfcvuelo Load (0.031200)[0m   [0mSELECT * FROM wfcvuelos WHERE ((capitan='29' or copiloto='29' or jefecab='29' or trip01='29' or trip02='29' or trip03='29' or trip04='29' or desp='29' or mec='29') and (stfinvuelo=1) and (cerrarvuelo=1) and (status<>1001)) ORDER BY anoini,mesini,diaini,horaini,minini[0m
  [4;36;1mWfcvuelo Columns (0.000000)[0m   [0;1mSHOW FIELDS FROM wfcvuelos[0m
Rendering  within layouts/vuelos
Rendering wfcvuelos/detalle
  [4;35;1mWfctripulante Columns (0.000000)[0m   [0mSHOW FIELDS FROM wfctripulantes[0m
Completed in 0.28080 (3 reqs/sec) | Rendering: 0.00000 (0%) | DB: 0.03120 (11%) | 200 OK [http://localhost/wfcvuelos/detalle/29?anofin=2013&anoini=2013&diafin=9&diaini=8&mesfin=5&mesini=5]
  [4;36;1mUsuario Columns (0.000000)[0m   [0;1mSHOW FIELDS FROM usuarios[0m


Processing WfcvuelosController#detalle (for 127.0.0.1 at 2015-02-03 12:16:51) [POST]
  Session ID: f6403b4a9fe66cfd08dac5ab77e987eb
  Parameters: {"mesini"=>"5", "anofin"=>"2013", "action"=>"detalle", "id"=>"29", "diafin"=>"9", "anoini"=>"2013", "mesfin"=>"5", "controller"=>"wfcvuelos", "diaini"=>"8"}
  [4;35;1mWfctripulante Load (0.000000)[0m   [0mSELECT * FROM wfctripulantes WHERE (wfctripulantes.`id` = '29') LIMIT 1[0m
  [4;36;1mWfcvuelo Load (0.031200)[0m   [0;1mSELECT * FROM wfcvuelos WHERE ((capitan='29' or copiloto='29' or jefecab='29' or trip01='29' or trip02='29' or trip03='29' or trip04='29' or desp='29' or mec='29') and (stfinvuelo=1) and (cerrarvuelo=1) and (status<>1001)) ORDER BY anoini,mesini,diaini,horaini,minini[0m
  [4;35;1mWfcvuelo Columns (0.015600)[0m   [0mSHOW FIELDS FROM wfcvuelos[0m
Rendering  within layouts/vuelos
Rendering wfcvuelos/detalle
  [4;36;1mWfctripulante Columns (0.015600)[0m   [0;1mSHOW FIELDS FROM wfctripulantes[0m
Completed in 0.29640 (3 reqs/sec) | Rendering: 0.00000 (0%) | DB: 0.06240 (21%) | 200 OK [http://localhost/wfcvuelos/detalle/29?anofin=2013&anoini=2013&diafin=9&diaini=8&mesfin=5&mesini=5]
  [4;35;1mUsuario Columns (0.015600)[0m   [0mSHOW FIELDS FROM usuarios[0m


Processing WfcvuelosController#calcularhoras (for 127.0.0.1 at 2015-02-03 12:25:45) [POST]
  Session ID: f6403b4a9fe66cfd08dac5ab77e987eb
  Parameters: {"commit"=>"Calcular", "wfcvolado"=>{"mesini"=>"5", "cabequipo_id"=>"", "anofin"=>"2013", "log"=>"", "diafin"=>"9", "anoini"=>"2013", "mesfin"=>"5", "diaini"=>"8"}, "action"=>"calcularhoras", "controller"=>"wfcvuelos"}
************************************** aqui empieza
  [4;36;1mWfcvuelo Columns (0.015600)[0m   [0;1mSHOW FIELDS FROM wfcvuelos[0m
  [4;35;1mWfcvuelo Load (0.031200)[0m   [0mSELECT * FROM wfcvuelos WHERE cerrarvuelo = 1 AND anoini >= 2013 AND anofin <= 2013 AND status != 1001[0m
  [4;36;1mWfctripulante Load (0.000000)[0m   [0;1mSELECT * FROM wfctripulantes WHERE (nombres not like '%ninguno%' and cedula not like '%000%' and (nombres like '%%' or apellidos like '%%')) ORDER BY orden,nombres[0m
  [4;35;1mWfctripulante Columns (0.015600)[0m   [0mSHOW FIELDS FROM wfctripulantes[0m
Rendering  within layouts/vuelos
Rendering wfcvuelos/calcularhoras
Completed in 0.65520 (1 reqs/sec) | Rendering: 0.00000 (0%) | DB: 0.07800 (11%) | 200 OK [http://localhost/wfcvuelos/calcularhoras]
  [4;36;1mUsuario Columns (0.000000)[0m   [0;1mSHOW FIELDS FROM usuarios[0m


Processing WfcvuelosController#detalle (for 127.0.0.1 at 2015-02-03 12:25:55) [POST]
  Session ID: f6403b4a9fe66cfd08dac5ab77e987eb
  Parameters: {"mesini"=>"5", "anofin"=>"2013", "action"=>"detalle", "id"=>"29", "diafin"=>"9", "anoini"=>"2013", "mesfin"=>"5", "controller"=>"wfcvuelos", "diaini"=>"8"}
  [4;35;1mWfctripulante Load (0.000000)[0m   [0mSELECT * FROM wfctripulantes WHERE (wfctripulantes.`id` = '29') LIMIT 1[0m
  [4;36;1mWfcvuelo Load (0.031200)[0m   [0;1mSELECT * FROM wfcvuelos WHERE ((capitan='29' or copiloto='29' or jefecab='29' or trip01='29' or trip02='29' or trip03='29' or trip04='29' or desp='29' or mec='29') and (stfinvuelo=1) and (cerrarvuelo=1) and (status<>1001)) ORDER BY anoini,mesini,diaini,horaini,minini[0m
  [4;35;1mWfcvuelo Columns (0.000000)[0m   [0mSHOW FIELDS FROM wfcvuelos[0m
Rendering  within layouts/vuelos
Rendering wfcvuelos/detalle
  [4;36;1mWfctripulante Columns (0.000000)[0m   [0;1mSHOW FIELDS FROM wfctripulantes[0m
Completed in 0.28080 (3 reqs/sec) | Rendering: 0.00000 (0%) | DB: 0.03120 (11%) | 200 OK [http://localhost/wfcvuelos/detalle/29?anofin=2013&anoini=2013&diafin=9&diaini=8&mesfin=5&mesini=5]
  [4;35;1mUsuario Columns (0.000000)[0m   [0mSHOW FIELDS FROM usuarios[0m


Processing WfcvuelosController#calcularhoras (for 127.0.0.1 at 2015-02-03 12:26:57) [POST]
  Session ID: f6403b4a9fe66cfd08dac5ab77e987eb
  Parameters: {"commit"=>"Calcular", "wfcvolado"=>{"mesini"=>"1", "cabequipo_id"=>"", "anofin"=>"2010", "log"=>"", "diafin"=>"31", "anoini"=>"2010", "mesfin"=>"2", "diaini"=>"1"}, "action"=>"calcularhoras", "controller"=>"wfcvuelos"}
************************************** aqui empieza
  [4;36;1mWfcvuelo Columns (0.000000)[0m   [0;1mSHOW FIELDS FROM wfcvuelos[0m
  [4;35;1mCabequipo Load (0.000000)[0m   [0mSELECT * FROM cabequipos [0m
  [4;36;1mWfctripulante Load (0.000000)[0m   [0;1mSELECT * FROM wfctripulantes [0m
Rendering actionconsultahoraslayoutfalse within layouts/vuelos
Rendering wfcvuelos/consultahoras
  [4;35;1mCabequipo Columns (0.015600)[0m   [0mSHOW FIELDS FROM cabequipos[0m
Completed in 0.06240 (16 reqs/sec) | Rendering: 0.00000 (0%) | DB: 0.01560 (25%) | 200 OK [http://localhost/wfcvuelos/calcularhoras]
  [4;36;1mUsuario Columns (0.015600)[0m   [0;1mSHOW FIELDS FROM usuarios[0m


Processing WfcvuelosController#calcularhoras (for 127.0.0.1 at 2015-02-03 12:27:09) [POST]
  Session ID: f6403b4a9fe66cfd08dac5ab77e987eb
  Parameters: {"commit"=>"Calcular", "wfcvolado"=>{"mesini"=>"5", "cabequipo_id"=>"", "anofin"=>"2013", "log"=>"", "diafin"=>"9", "anoini"=>"2013", "mesfin"=>"5", "diaini"=>"8"}, "action"=>"calcularhoras", "controller"=>"wfcvuelos"}
************************************** aqui empieza
  [4;35;1mWfcvuelo Columns (0.000000)[0m   [0mSHOW FIELDS FROM wfcvuelos[0m
  [4;36;1mWfcvuelo Load (0.031200)[0m   [0;1mSELECT * FROM wfcvuelos WHERE cerrarvuelo = 1 AND anoini >= 2013 AND anofin <= 2013 AND status != 1001[0m
  [4;35;1mWfctripulante Load (0.000000)[0m   [0mSELECT * FROM wfctripulantes WHERE (nombres not like '%ninguno%' and cedula not like '%000%' and (nombres like '%%' or apellidos like '%%')) ORDER BY orden,nombres[0m
  [4;36;1mWfctripulante Columns (0.000000)[0m   [0;1mSHOW FIELDS FROM wfctripulantes[0m
Rendering  within layouts/vuelos
Rendering wfcvuelos/calcularhoras
Completed in 0.62400 (1 reqs/sec) | Rendering: 0.00000 (0%) | DB: 0.04680 (7%) | 200 OK [http://localhost/wfcvuelos/calcularhoras]
  [4;35;1mUsuario Columns (0.000000)[0m   [0mSHOW FIELDS FROM usuarios[0m


Processing WfcvuelosController#calcularhoras (for 127.0.0.1 at 2015-02-03 12:27:20) [POST]
  Session ID: f6403b4a9fe66cfd08dac5ab77e987eb
  Parameters: {"commit"=>"Calcular", "wfcvolado"=>{"mesini"=>"5", "cabequipo_id"=>"", "anofin"=>"2013", "log"=>"", "diafin"=>"8", "anoini"=>"2013", "mesfin"=>"5", "diaini"=>"8"}, "action"=>"calcularhoras", "controller"=>"wfcvuelos"}
************************************** aqui empieza
  [4;36;1mWfcvuelo Columns (0.000000)[0m   [0;1mSHOW FIELDS FROM wfcvuelos[0m
  [4;35;1mWfcvuelo Load (0.015600)[0m   [0mSELECT * FROM wfcvuelos WHERE cerrarvuelo = 1 AND anoini >= 2013 AND anofin <= 2013 AND status != 1001[0m
  [4;36;1mWfctripulante Load (0.000000)[0m   [0;1mSELECT * FROM wfctripulantes WHERE (nombres not like '%ninguno%' and cedula not like '%000%' and (nombres like '%%' or apellidos like '%%')) ORDER BY orden,nombres[0m
  [4;35;1mWfctripulante Columns (0.000000)[0m   [0mSHOW FIELDS FROM wfctripulantes[0m
Rendering  within layouts/vuelos
Rendering wfcvuelos/calcularhoras
Completed in 0.51480 (1 reqs/sec) | Rendering: 0.01560 (3%) | DB: 0.01560 (3%) | 200 OK [http://localhost/wfcvuelos/calcularhoras]
  [4;36;1mUsuario Columns (0.000000)[0m   [0;1mSHOW FIELDS FROM usuarios[0m


Processing WfcvuelosController#detalle (for 127.0.0.1 at 2015-02-03 12:27:23) [POST]
  Session ID: f6403b4a9fe66cfd08dac5ab77e987eb
  Parameters: {"mesini"=>"5", "anofin"=>"2013", "action"=>"detalle", "id"=>"29", "diafin"=>"8", "anoini"=>"2013", "mesfin"=>"5", "controller"=>"wfcvuelos", "diaini"=>"8"}
  [4;35;1mWfctripulante Load (0.000000)[0m   [0mSELECT * FROM wfctripulantes WHERE (wfctripulantes.`id` = '29') LIMIT 1[0m
  [4;36;1mWfcvuelo Load (0.031200)[0m   [0;1mSELECT * FROM wfcvuelos WHERE ((capitan='29' or copiloto='29' or jefecab='29' or trip01='29' or trip02='29' or trip03='29' or trip04='29' or desp='29' or mec='29') and (stfinvuelo=1) and (cerrarvuelo=1) and (status<>1001)) ORDER BY anoini,mesini,diaini,horaini,minini[0m
  [4;35;1mWfcvuelo Columns (0.000000)[0m   [0mSHOW FIELDS FROM wfcvuelos[0m
Rendering  within layouts/vuelos
Rendering wfcvuelos/detalle
  [4;36;1mWfctripulante Columns (0.015600)[0m   [0;1mSHOW FIELDS FROM wfctripulantes[0m
Completed in 0.28080 (3 reqs/sec) | Rendering: 0.00000 (0%) | DB: 0.04680 (16%) | 200 OK [http://localhost/wfcvuelos/detalle/29?anofin=2013&anoini=2013&diafin=8&diaini=8&mesfin=5&mesini=5]
  [4;35;1mUsuario Columns (0.000000)[0m   [0mSHOW FIELDS FROM usuarios[0m


Processing WfcvuelosController#calcularhoras (for 127.0.0.1 at 2015-02-03 12:27:40) [POST]
  Session ID: f6403b4a9fe66cfd08dac5ab77e987eb
  Parameters: {"commit"=>"Calcular", "wfcvolado"=>{"mesini"=>"5", "cabequipo_id"=>"", "anofin"=>"2013", "log"=>"", "diafin"=>"9", "anoini"=>"2013", "mesfin"=>"5", "diaini"=>"9"}, "action"=>"calcularhoras", "controller"=>"wfcvuelos"}
************************************** aqui empieza
  [4;36;1mWfcvuelo Columns (0.015600)[0m   [0;1mSHOW FIELDS FROM wfcvuelos[0m
  [4;35;1mWfcvuelo Load (0.031200)[0m   [0mSELECT * FROM wfcvuelos WHERE cerrarvuelo = 1 AND anoini >= 2013 AND anofin <= 2013 AND status != 1001[0m
  [4;36;1mWfctripulante Load (0.000000)[0m   [0;1mSELECT * FROM wfctripulantes WHERE (nombres not like '%ninguno%' and cedula not like '%000%' and (nombres like '%%' or apellidos like '%%')) ORDER BY orden,nombres[0m
  [4;35;1mWfctripulante Columns (0.000000)[0m   [0mSHOW FIELDS FROM wfctripulantes[0m
Rendering  within layouts/vuelos
Rendering wfcvuelos/calcularhoras
Completed in 0.63960 (1 reqs/sec) | Rendering: 0.00000 (0%) | DB: 0.04680 (7%) | 200 OK [http://localhost/wfcvuelos/calcularhoras]
  [4;36;1mUsuario Columns (0.015600)[0m   [0;1mSHOW FIELDS FROM usuarios[0m


Processing WfcvuelosController#detalle (for 127.0.0.1 at 2015-02-03 12:27:45) [POST]
  Session ID: f6403b4a9fe66cfd08dac5ab77e987eb
  Parameters: {"mesini"=>"5", "anofin"=>"2013", "action"=>"detalle", "id"=>"29", "diafin"=>"9", "anoini"=>"2013", "mesfin"=>"5", "controller"=>"wfcvuelos", "diaini"=>"9"}
  [4;35;1mWfctripulante Load (0.000000)[0m   [0mSELECT * FROM wfctripulantes WHERE (wfctripulantes.`id` = '29') LIMIT 1[0m
  [4;36;1mWfcvuelo Load (0.046800)[0m   [0;1mSELECT * FROM wfcvuelos WHERE ((capitan='29' or copiloto='29' or jefecab='29' or trip01='29' or trip02='29' or trip03='29' or trip04='29' or desp='29' or mec='29') and (stfinvuelo=1) and (cerrarvuelo=1) and (status<>1001)) ORDER BY anoini,mesini,diaini,horaini,minini[0m
  [4;35;1mWfcvuelo Columns (0.000000)[0m   [0mSHOW FIELDS FROM wfcvuelos[0m
Rendering  within layouts/vuelos
Rendering wfcvuelos/detalle
  [4;36;1mWfctripulante Columns (0.015600)[0m   [0;1mSHOW FIELDS FROM wfctripulantes[0m
Completed in 0.28080 (3 reqs/sec) | Rendering: 0.00000 (0%) | DB: 0.07800 (27%) | 200 OK [http://localhost/wfcvuelos/detalle/29?anofin=2013&anoini=2013&diafin=9&diaini=9&mesfin=5&mesini=5]
  [4;35;1mUsuario Columns (0.004000)[0m   [0mSHOW FIELDS FROM usuarios[0m


Processing WfcvuelosController#calcularhoras (for 127.0.0.1 at 2015-02-03 12:45:05) [POST]
  Session ID: f6403b4a9fe66cfd08dac5ab77e987eb
  Parameters: {"commit"=>"Calcular", "wfcvolado"=>{"mesini"=>"5", "cabequipo_id"=>"", "anofin"=>"2013", "log"=>"", "diafin"=>"9", "anoini"=>"2013", "mesfin"=>"5", "diaini"=>"9"}, "action"=>"calcularhoras", "controller"=>"wfcvuelos"}
************************************** aqui empieza
  [4;36;1mWfcvuelo Columns (0.009000)[0m   [0;1mSHOW FIELDS FROM wfcvuelos[0m
  [4;35;1mWfcvuelo Load (0.026002)[0m   [0mSELECT * FROM wfcvuelos WHERE cerrarvuelo = 1 AND anoini >= 2013 AND anofin <= 2013 AND status != 1001[0m
  [4;36;1mWfctripulante Load (0.001000)[0m   [0;1mSELECT * FROM wfctripulantes WHERE (nombres not like '%ninguno%' and cedula not like '%000%' and (nombres like '%%' or apellidos like '%%')) ORDER BY orden,nombres[0m
  [4;35;1mWfctripulante Columns (0.004000)[0m   [0mSHOW FIELDS FROM wfctripulantes[0m


NameError (undefined local variable or method `wfctripulantes' for #<WfcvuelosController:0x96c19c8>):
    C:/devel/sigec14/app/controllers/wfcvuelos_controller.rb:480:in `calcularhoras'
    C:/Ruby187/lib/ruby/gems/1.8/gems/actionpack-1.13.6/lib/action_controller/base.rb:1101:in `send'
    C:/Ruby187/lib/ruby/gems/1.8/gems/actionpack-1.13.6/lib/action_controller/base.rb:1101:in `perform_action_without_filters'
    C:/Ruby187/lib/ruby/gems/1.8/gems/actionpack-1.13.6/lib/action_controller/filters.rb:696:in `call_filters'
    C:/Ruby187/lib/ruby/gems/1.8/gems/actionpack-1.13.6/lib/action_controller/filters.rb:688:in `perform_action_without_benchmark'
    C:/Ruby187/lib/ruby/gems/1.8/gems/actionpack-1.13.6/lib/action_controller/benchmarking.rb:66:in `perform_action_without_rescue'
    C:/Ruby187/lib/ruby/1.8/benchmark.rb:293:in `measure'
    C:/Ruby187/lib/ruby/gems/1.8/gems/actionpack-1.13.6/lib/action_controller/benchmarking.rb:66:in `perform_action_without_rescue'
    C:/Ruby187/lib/ruby/gems/1.8/gems/actionpack-1.13.6/lib/action_controller/rescue.rb:83:in `perform_action'
    C:/Ruby187/lib/ruby/gems/1.8/gems/actionpack-1.13.6/lib/action_controller/base.rb:435:in `send'
    C:/Ruby187/lib/ruby/gems/1.8/gems/actionpack-1.13.6/lib/action_controller/base.rb:435:in `process_without_filters'
    C:/Ruby187/lib/ruby/gems/1.8/gems/actionpack-1.13.6/lib/action_controller/filters.rb:684:in `process_without_session_management_support'
    C:/Ruby187/lib/ruby/gems/1.8/gems/actionpack-1.13.6/lib/action_controller/session_management.rb:114:in `process'
    C:/Ruby187/lib/ruby/gems/1.8/gems/actionpack-1.13.6/lib/action_controller/base.rb:334:in `process'
    C:/Ruby187/lib/ruby/gems/1.8/gems/rails-1.2.6/lib/dispatcher.rb:41:in `dispatch'
    C:/Ruby187/lib/ruby/gems/1.8/gems/rails-1.2.6/lib/webrick_server.rb:113:in `handle_dispatch'
    C:/Ruby187/lib/ruby/gems/1.8/gems/rails-1.2.6/lib/webrick_server.rb:79:in `service'
    C:/Ruby187/lib/ruby/1.8/webrick/httpserver.rb:104:in `service'
    C:/Ruby187/lib/ruby/1.8/webrick/httpserver.rb:65:in `run'
    C:/Ruby187/lib/ruby/1.8/webrick/server.rb:173:in `start_thread'
    C:/Ruby187/lib/ruby/1.8/webrick/server.rb:162:in `start'
    C:/Ruby187/lib/ruby/1.8/webrick/server.rb:162:in `start_thread'
    C:/Ruby187/lib/ruby/1.8/webrick/server.rb:95:in `start'
    C:/Ruby187/lib/ruby/1.8/webrick/server.rb:92:in `each'
    C:/Ruby187/lib/ruby/1.8/webrick/server.rb:92:in `start'
    C:/Ruby187/lib/ruby/1.8/webrick/server.rb:23:in `start'
    C:/Ruby187/lib/ruby/1.8/webrick/server.rb:82:in `start'
    C:/Ruby187/lib/ruby/gems/1.8/gems/rails-1.2.6/lib/webrick_server.rb:63:in `dispatch'
    C:/Ruby187/lib/ruby/gems/1.8/gems/rails-1.2.6/lib/commands/servers/webrick.rb:59
    C:/Ruby187/lib/ruby/site_ruby/1.8/rubygems/custom_require.rb:29:in `gem_original_require'
    C:/Ruby187/lib/ruby/site_ruby/1.8/rubygems/custom_require.rb:29:in `require'
    C:/Ruby187/lib/ruby/gems/1.8/gems/activesupport-1.4.4/lib/active_support/dependencies.rb:495:in `require'
    C:/Ruby187/lib/ruby/gems/1.8/gems/activesupport-1.4.4/lib/active_support/dependencies.rb:342:in `new_constants_in'
    C:/Ruby187/lib/ruby/gems/1.8/gems/activesupport-1.4.4/lib/active_support/dependencies.rb:495:in `require'
    C:/Ruby187/lib/ruby/gems/1.8/gems/rails-1.2.6/lib/commands/server.rb:39
    C:/Ruby187/lib/ruby/site_ruby/1.8/rubygems/custom_require.rb:29:in `gem_original_require'
    C:/Ruby187/lib/ruby/site_ruby/1.8/rubygems/custom_require.rb:29:in `require'
    script/server:3


Rendering C:/Ruby187/lib/ruby/gems/1.8/gems/actionpack-1.13.6/lib/action_controller/templates/rescues/layout.rhtml (500 Internal Error)
  [4;36;1mUsuario Columns (0.004001)[0m   [0;1mSHOW FIELDS FROM usuarios[0m


Processing WfcvuelosController#calcularhoras (for 127.0.0.1 at 2015-02-03 12:45:44) [POST]
  Session ID: f6403b4a9fe66cfd08dac5ab77e987eb
  Parameters: {"commit"=>"Calcular", "wfcvolado"=>{"mesini"=>"5", "cabequipo_id"=>"", "anofin"=>"2013", "log"=>"", "diafin"=>"9", "anoini"=>"2013", "mesfin"=>"5", "diaini"=>"9"}, "action"=>"calcularhoras", "controller"=>"wfcvuelos"}
************************************** aqui empieza
  [4;35;1mWfcvuelo Columns (0.007000)[0m   [0mSHOW FIELDS FROM wfcvuelos[0m
  [4;36;1mWfcvuelo Load (0.027001)[0m   [0;1mSELECT * FROM wfcvuelos WHERE cerrarvuelo = 1 AND anoini >= 2013 AND anofin <= 2013 AND status != 1001[0m
  [4;35;1mWfctripulante Load (0.001000)[0m   [0mSELECT * FROM wfctripulantes WHERE (nombres not like '%ninguno%' and cedula not like '%000%' and (nombres like '%%' or apellidos like '%%')) ORDER BY orden,nombres[0m
  [4;36;1mWfctripulante Columns (0.005000)[0m   [0;1mSHOW FIELDS FROM wfctripulantes[0m
Rendering  within layouts/vuelos
Rendering wfcvuelos/calcularhoras
Completed in 0.53003 (1 reqs/sec) | Rendering: 0.01700 (3%) | DB: 0.08800 (16%) | 200 OK [http://localhost/wfcvuelos/calcularhoras]
  [4;35;1mUsuario Columns (0.000000)[0m   [0mSHOW FIELDS FROM usuarios[0m


Processing WfcvuelosController#calcularhoras (for 127.0.0.1 at 2015-02-03 12:46:48) [POST]
  Session ID: f6403b4a9fe66cfd08dac5ab77e987eb
  Parameters: {"commit"=>"Calcular", "wfcvolado"=>{"mesini"=>"5", "cabequipo_id"=>"", "anofin"=>"2013", "log"=>"", "diafin"=>"9", "anoini"=>"2013", "mesfin"=>"5", "diaini"=>"9"}, "action"=>"calcularhoras", "controller"=>"wfcvuelos"}
************************************** aqui empieza
  [4;36;1mWfcvuelo Columns (0.000000)[0m   [0;1mSHOW FIELDS FROM wfcvuelos[0m
  [4;35;1mWfcvuelo Load (0.031200)[0m   [0mSELECT * FROM wfcvuelos WHERE cerrarvuelo = 1 AND anoini >= 2013 AND anofin <= 2013 AND status != 1001[0m
  [4;36;1mWfctripulante Load (0.000000)[0m   [0;1mSELECT * FROM wfctripulantes WHERE (nombres not like '%ninguno%' and cedula not like '%000%' and (nombres like '%%' or apellidos like '%%')) ORDER BY orden,nombres[0m
  [4;35;1mWfctripulante Columns (0.000000)[0m   [0mSHOW FIELDS FROM wfctripulantes[0m
Rendering  within layouts/vuelos
Rendering wfcvuelos/calcularhoras
Completed in 0.51480 (1 reqs/sec) | Rendering: 0.00000 (0%) | DB: 0.03120 (6%) | 200 OK [http://localhost/wfcvuelos/calcularhoras]
  [4;36;1mUsuario Columns (0.000000)[0m   [0;1mSHOW FIELDS FROM usuarios[0m


Processing WfcvuelosController#calcularhoras (for 127.0.0.1 at 2015-02-03 12:47:21) [POST]
  Session ID: f6403b4a9fe66cfd08dac5ab77e987eb
  Parameters: {"commit"=>"Calcular", "wfcvolado"=>{"mesini"=>"5", "cabequipo_id"=>"", "anofin"=>"2013", "log"=>"", "diafin"=>"20", "anoini"=>"2013", "mesfin"=>"5", "diaini"=>"9"}, "action"=>"calcularhoras", "controller"=>"wfcvuelos"}
************************************** aqui empieza
  [4;35;1mWfcvuelo Columns (0.015600)[0m   [0mSHOW FIELDS FROM wfcvuelos[0m
  [4;36;1mWfcvuelo Load (0.031200)[0m   [0;1mSELECT * FROM wfcvuelos WHERE cerrarvuelo = 1 AND anoini >= 2013 AND anofin <= 2013 AND status != 1001[0m
  [4;35;1mWfctripulante Load (0.000000)[0m   [0mSELECT * FROM wfctripulantes WHERE (nombres not like '%ninguno%' and cedula not like '%000%' and (nombres like '%%' or apellidos like '%%')) ORDER BY orden,nombres[0m
  [4;36;1mWfctripulante Columns (0.000000)[0m   [0;1mSHOW FIELDS FROM wfctripulantes[0m
Rendering  within layouts/vuelos
Rendering wfcvuelos/calcularhoras
Completed in 0.51480 (1 reqs/sec) | Rendering: 0.01560 (3%) | DB: 0.04680 (9%) | 200 OK [http://localhost/wfcvuelos/calcularhoras]
  [4;35;1mUsuario Columns (0.000000)[0m   [0mSHOW FIELDS FROM usuarios[0m


Processing WfcvuelosController#calcularhoras (for 127.0.0.1 at 2015-02-03 12:47:31) [POST]
  Session ID: f6403b4a9fe66cfd08dac5ab77e987eb
  Parameters: {"commit"=>"Calcular", "wfcvolado"=>{"mesini"=>"5", "cabequipo_id"=>"", "anofin"=>"2013", "log"=>"", "diafin"=>"20", "anoini"=>"2013", "mesfin"=>"9", "diaini"=>"9"}, "action"=>"calcularhoras", "controller"=>"wfcvuelos"}
************************************** aqui empieza
  [4;36;1mWfcvuelo Columns (0.015600)[0m   [0;1mSHOW FIELDS FROM wfcvuelos[0m
  [4;35;1mWfcvuelo Load (0.031200)[0m   [0mSELECT * FROM wfcvuelos WHERE cerrarvuelo = 1 AND anoini >= 2013 AND anofin <= 2013 AND status != 1001[0m
  [4;36;1mWfctripulante Load (0.000000)[0m   [0;1mSELECT * FROM wfctripulantes WHERE (nombres not like '%ninguno%' and cedula not like '%000%' and (nombres like '%%' or apellidos like '%%')) ORDER BY orden,nombres[0m
  [4;35;1mWfctripulante Columns (0.015600)[0m   [0mSHOW FIELDS FROM wfctripulantes[0m
Rendering  within layouts/vuelos
Rendering wfcvuelos/calcularhoras
Completed in 1.84080 (0 reqs/sec) | Rendering: 0.01560 (0%) | DB: 0.06240 (3%) | 200 OK [http://localhost/wfcvuelos/calcularhoras]
  [4;36;1mUsuario Columns (0.015600)[0m   [0;1mSHOW FIELDS FROM usuarios[0m


Processing WfcvuelosController#calcularhoras (for 127.0.0.1 at 2015-02-03 12:52:04) [POST]
  Session ID: f6403b4a9fe66cfd08dac5ab77e987eb
  Parameters: {"commit"=>"Calcular", "wfcvolado"=>{"mesini"=>"5", "cabequipo_id"=>"", "anofin"=>"2013", "log"=>"", "diafin"=>"20", "anoini"=>"2013", "mesfin"=>"9", "diaini"=>"9"}, "action"=>"calcularhoras", "controller"=>"wfcvuelos"}
************************************** aqui empieza
  [4;35;1mWfcvuelo Columns (0.000000)[0m   [0mSHOW FIELDS FROM wfcvuelos[0m
  [4;36;1mWfcvuelo Load (0.031200)[0m   [0;1mSELECT * FROM wfcvuelos WHERE cerrarvuelo = 1 AND anoini >= 2013 AND anofin <= 2013 AND status != 1001[0m
  [4;35;1mWfctripulante Load (0.000000)[0m   [0mSELECT * FROM wfctripulantes WHERE (nombres not like '%ninguno%' and cedula not like '%000%' and (nombres like '%%' or apellidos like '%%')) ORDER BY orden,nombres[0m
  [4;36;1mWfctripulante Columns (0.000000)[0m   [0;1mSHOW FIELDS FROM wfctripulantes[0m
Rendering  within layouts/vuelos
Rendering wfcvuelos/calcularhoras
Completed in 1.87200 (0 reqs/sec) | Rendering: 0.10920 (5%) | DB: 0.04680 (2%) | 200 OK [http://localhost/wfcvuelos/calcularhoras]
  [4;35;1mUsuario Columns (0.046800)[0m   [0mSHOW FIELDS FROM usuarios[0m


Processing WfcvuelosController#genpdf (for 127.0.0.1 at 2015-02-03 12:52:26) [POST]
  Session ID: f6403b4a9fe66cfd08dac5ab77e987eb
  Parameters: {"action"=>"genpdf", "tripulantes"=>["16", "17", "18", "19", "20", "21", "22", "23", "24", "25", "29", "30", "31", "32", "33", "34", "35", "36", "37", "43", "44", "45", "46", "47", "48", "49", "50", "51", "52", "53", "54", "55", "56", "57", "58", "59", "60", "61", "62", "63", "64", "65", "66", "68", "69", "70", "71", "72", "73", "74", "75", "76", "77", "78", "79", "80", "81"], "controller"=>"wfcvuelos"}
  [4;36;1mWfctripulante Load (0.000000)[0m   [0;1mSELECT * FROM wfctripulantes WHERE (nombres not like '%ninguno%' and cedula not like '%000%' and tipo not like '%mec%' and tipo not like '%des%') ORDER BY orden,nombres[0m
  [4;35;1mWfctripulante Columns (0.015600)[0m   [0mSHOW FIELDS FROM wfctripulantes[0m
Sending data vuelo.pdf
Completed in 0.63960 (1 reqs/sec) | Rendering: 0.00000 (0%) | DB: 0.06240 (9%) | 200 OK [http://localhost/wfcvuelos/genpdf?tripulantes%5B%5D=16&tripulantes%5B%5D=17&tripulantes%5B%5D=18&tripulantes%5B%5D=19&tripulantes%5B%5D=20&tripulantes%5B%5D=21&tripulantes%5B%5D=22&tripulantes%5B%5D=23&tripulantes%5B%5D=24&tripulantes%5B%5D=25&tripulantes%5B%5D=29&tripulantes%5B%5D=30&tripulantes%5B%5D=31&tripulantes%5B%5D=32&tripulantes%5B%5D=33&tripulantes%5B%5D=34&tripulantes%5B%5D=35&tripulantes%5B%5D=36&tripulantes%5B%5D=37&tripulantes%5B%5D=43&tripulantes%5B%5D=44&tripulantes%5B%5D=45&tripulantes%5B%5D=46&tripulantes%5B%5D=47&tripulantes%5B%5D=48&tripulantes%5B%5D=49&tripulantes%5B%5D=50&tripulantes%5B%5D=51&tripulantes%5B%5D=52&tripulantes%5B%5D=53&tripulantes%5B%5D=54&tripulantes%5B%5D=55&tripulantes%5B%5D=56&tripulantes%5B%5D=57&tripulantes%5B%5D=58&tripulantes%5B%5D=59&tripulantes%5B%5D=60&tripulantes%5B%5D=61&tripulantes%5B%5D=62&tripulantes%5B%5D=63&tripulantes%5B%5D=64&tripulantes%5B%5D=65&tripulantes%5B%5D=66&tripulantes%5B%5D=68&tripulantes%5B%5D=69&tripulantes%5B%5D=70&tripulantes%5B%5D=71&tripulantes%5B%5D=72&tripulantes%5B%5D=73&tripulantes%5B%5D=74&tripulantes%5B%5D=75&tripulantes%5B%5D=76&tripulantes%5B%5D=77&tripulantes%5B%5D=78&tripulantes%5B%5D=79&tripulantes%5B%5D=80&tripulantes%5B%5D=81]
  [4;36;1mUsuario Columns (0.000000)[0m   [0;1mSHOW FIELDS FROM usuarios[0m


Processing WfcvuelosController#calcularhoras (for 127.0.0.1 at 2015-02-03 13:09:49) [POST]
  Session ID: f6403b4a9fe66cfd08dac5ab77e987eb
  Parameters: {"commit"=>"Calcular", "wfcvolado"=>{"mesini"=>"5", "cabequipo_id"=>"", "anofin"=>"2013", "log"=>"", "diafin"=>"20", "anoini"=>"2013", "mesfin"=>"9", "diaini"=>"9"}, "action"=>"calcularhoras", "controller"=>"wfcvuelos"}
************************************** aqui empieza
  [4;35;1mWfcvuelo Columns (0.015600)[0m   [0mSHOW FIELDS FROM wfcvuelos[0m
  [4;36;1mWfcvuelo Load (0.031200)[0m   [0;1mSELECT * FROM wfcvuelos WHERE cerrarvuelo = 1 AND anoini >= 2013 AND anofin <= 2013 AND status != 1001[0m
  [4;35;1mWfctripulante Load (0.000000)[0m   [0mSELECT * FROM wfctripulantes WHERE (nombres not like '%ninguno%' and cedula not like '%000%' and (nombres like '%%' or apellidos like '%%')) ORDER BY orden,nombres[0m
  [4;36;1mWfctripulante Columns (0.000000)[0m   [0;1mSHOW FIELDS FROM wfctripulantes[0m
Rendering  within layouts/vuelos
Rendering wfcvuelos/calcularhoras
Completed in 1.85640 (0 reqs/sec) | Rendering: 0.03120 (1%) | DB: 0.04680 (2%) | 200 OK [http://localhost/wfcvuelos/calcularhoras]
