** Daemonized, any open files are closed.  Look at tmp/pids/mongrel.9002.pid and log/mongrel.9002.log for info.
** Starting Mongrel listening at 127.0.0.1:9002
** Starting Rails with production environment...
** Rails loaded.
** Loading any Rails specific GemPlugins
** Signals ready.  TERM => stop.  USR2 => restart.  INT => stop (no restart).
** Rails signals registered.  HUP => reload (without restart).  It might not work well.
** Mongrel 1.1.5 available at 127.0.0.1:9002
** Writing PID file to tmp/pids/mongrel.9002.pid
** TERM signal received.
** Daemonized, any open files are closed.  Look at tmp/pids/mongrel.9002.pid and log/mongrel.9002.log for info.
** Starting Mongrel listening at 127.0.0.1:9002
** Starting Rails with production environment...
** Rails loaded.
** Loading any Rails specific GemPlugins
** Signals ready.  TERM => stop.  USR2 => restart.  INT => stop (no restart).
** Rails signals registered.  HUP => reload (without restart).  It might not work well.
** Mongrel 1.1.5 available at 127.0.0.1:9002
** Writing PID file to tmp/pids/mongrel.9002.pid
/usr/lib/ruby/gems/1.8/gems/transaction-simple-1.4.0/lib/transaction/simple.rb:46: warning: already initialized constant Messages
/usr/lib/ruby/gems/1.8/gems/transaction-simple-1.4.0/lib/transaction/simple.rb:53: warning: already initialized constant TRANSACTION_SIMPLE_VERSION
/usr/lib/ruby/gems/1.8/gems/transaction-simple-1.4.0/lib/transaction/simple.rb:436: warning: already initialized constant SKIP_TRANSACTION_VARS
** TERM signal received.
** Daemonized, any open files are closed.  Look at tmp/pids/mongrel.9002.pid and log/mongrel.9002.log for info.
** Starting Mongrel listening at 127.0.0.1:9002
** Starting Rails with production environment...
** Rails loaded.
** Loading any Rails specific GemPlugins
** Signals ready.  TERM => stop.  USR2 => restart.  INT => stop (no restart).
** Rails signals registered.  HUP => reload (without restart).  It might not work well.
** Mongrel 1.1.5 available at 127.0.0.1:9002
** Writing PID file to tmp/pids/mongrel.9002.pid
/usr/lib/ruby/gems/1.8/gems/transaction-simple-1.4.0/lib/transaction/simple.rb:46: warning: already initialized constant Messages
/usr/lib/ruby/gems/1.8/gems/transaction-simple-1.4.0/lib/transaction/simple.rb:53: warning: already initialized constant TRANSACTION_SIMPLE_VERSION
/usr/lib/ruby/gems/1.8/gems/transaction-simple-1.4.0/lib/transaction/simple.rb:436: warning: already initialized constant SKIP_TRANSACTION_VARS
** TERM signal received.
** Daemonized, any open files are closed.  Look at tmp/pids/mongrel.9002.pid and log/mongrel.9002.log for info.
** Starting Mongrel listening at 127.0.0.1:9002
** Starting Rails with production environment...
** Rails loaded.
** Loading any Rails specific GemPlugins
** Signals ready.  TERM => stop.  USR2 => restart.  INT => stop (no restart).
** Rails signals registered.  HUP => reload (without restart).  It might not work well.
** Mongrel 1.1.5 available at 127.0.0.1:9002
** Writing PID file to tmp/pids/mongrel.9002.pid
/usr/lib/ruby/gems/1.8/gems/transaction-simple-1.4.0/lib/transaction/simple.rb:46: warning: already initialized constant Messages
/usr/lib/ruby/gems/1.8/gems/transaction-simple-1.4.0/lib/transaction/simple.rb:53: warning: already initialized constant TRANSACTION_SIMPLE_VERSION
/usr/lib/ruby/gems/1.8/gems/transaction-simple-1.4.0/lib/transaction/simple.rb:436: warning: already initialized constant SKIP_TRANSACTION_VARS
** TERM signal received.
** Daemonized, any open files are closed.  Look at tmp/pids/mongrel.9002.pid and log/mongrel.9002.log for info.
** Starting Mongrel listening at 127.0.0.1:9002
** Starting Rails with production environment...
** Rails loaded.
** Loading any Rails specific GemPlugins
** Signals ready.  TERM => stop.  USR2 => restart.  INT => stop (no restart).
** Rails signals registered.  HUP => reload (without restart).  It might not work well.
** Mongrel 1.1.5 available at 127.0.0.1:9002
** Writing PID file to tmp/pids/mongrel.9002.pid
** TERM signal received.
** Daemonized, any open files are closed.  Look at tmp/pids/mongrel.9002.pid and log/mongrel.9002.log for info.
** Starting Mongrel listening at 127.0.0.1:9002
** Starting Rails with production environment...
** Rails loaded.
** Loading any Rails specific GemPlugins
** Signals ready.  TERM => stop.  USR2 => restart.  INT => stop (no restart).
** Rails signals registered.  HUP => reload (without restart).  It might not work well.
** Mongrel 1.1.5 available at 127.0.0.1:9002
** Writing PID file to tmp/pids/mongrel.9002.pid
/usr/lib/ruby/gems/1.8/gems/transaction-simple-1.4.0/lib/transaction/simple.rb:46: warning: already initialized constant Messages
/usr/lib/ruby/gems/1.8/gems/transaction-simple-1.4.0/lib/transaction/simple.rb:53: warning: already initialized constant TRANSACTION_SIMPLE_VERSION
/usr/lib/ruby/gems/1.8/gems/transaction-simple-1.4.0/lib/transaction/simple.rb:436: warning: already initialized constant SKIP_TRANSACTION_VARS
** Daemonized, any open files are closed.  Look at tmp/pids/mongrel.9002.pid and log/mongrel.9002.log for info.
** Starting Mongrel listening at 127.0.0.1:9002
** Starting Rails with production environment...
** Rails loaded.
** Loading any Rails specific GemPlugins
** Signals ready.  TERM => stop.  USR2 => restart.  INT => stop (no restart).
** Rails signals registered.  HUP => reload (without restart).  It might not work well.
** Mongrel 1.1.5 available at 127.0.0.1:9002
** Writing PID file to tmp/pids/mongrel.9002.pid
** Daemonized, any open files are closed.  Look at tmp/pids/mongrel.9002.pid and log/mongrel.9002.log for info.
** Starting Mongrel listening at 127.0.0.1:9002
** Starting Rails with production environment...
** Rails loaded.
** Loading any Rails specific GemPlugins
** Signals ready.  TERM => stop.  USR2 => restart.  INT => stop (no restart).
** Rails signals registered.  HUP => reload (without restart).  It might not work well.
** Mongrel 1.1.5 available at 127.0.0.1:9002
** Writing PID file to tmp/pids/mongrel.9002.pid
/usr/lib/ruby/gems/1.8/gems/transaction-simple-1.4.0/lib/transaction/simple.rb:46: warning: already initialized constant Messages
/usr/lib/ruby/gems/1.8/gems/transaction-simple-1.4.0/lib/transaction/simple.rb:53: warning: already initialized constant TRANSACTION_SIMPLE_VERSION
/usr/lib/ruby/gems/1.8/gems/transaction-simple-1.4.0/lib/transaction/simple.rb:436: warning: already initialized constant SKIP_TRANSACTION_VARS
** Daemonized, any open files are closed.  Look at tmp/pids/mongrel.9002.pid and log/mongrel.9002.log for info.
** Starting Mongrel listening at 127.0.0.1:9002
** Starting Rails with production environment...
** Rails loaded.
** Loading any Rails specific GemPlugins
** Signals ready.  TERM => stop.  USR2 => restart.  INT => stop (no restart).
** Rails signals registered.  HUP => reload (without restart).  It might not work well.
** Mongrel 1.1.5 available at 127.0.0.1:9002
** Writing PID file to tmp/pids/mongrel.9002.pid
** Daemonized, any open files are closed.  Look at tmp/pids/mongrel.9002.pid and log/mongrel.9002.log for info.
** Starting Mongrel listening at 127.0.0.1:9002
** Starting Rails with production environment...
** Rails loaded.
** Loading any Rails specific GemPlugins
** Signals ready.  TERM => stop.  USR2 => restart.  INT => stop (no restart).
** Rails signals registered.  HUP => reload (without restart).  It might not work well.
** Mongrel 1.1.5 available at 127.0.0.1:9002
** Writing PID file to tmp/pids/mongrel.9002.pid
** Daemonized, any open files are closed.  Look at tmp/pids/mongrel.9002.pid and log/mongrel.9002.log for info.
** Starting Mongrel listening at 127.0.0.1:9002
** Starting Rails with production environment...
** Rails loaded.
** Loading any Rails specific GemPlugins
** Signals ready.  TERM => stop.  USR2 => restart.  INT => stop (no restart).
** Rails signals registered.  HUP => reload (without restart).  It might not work well.
** Mongrel 1.1.5 available at 127.0.0.1:9002
** Writing PID file to tmp/pids/mongrel.9002.pid
** Daemonized, any open files are closed.  Look at tmp/pids/mongrel.9002.pid and log/mongrel.9002.log for info.
** Starting Mongrel listening at 127.0.0.1:9002
** Starting Rails with production environment...
** Rails loaded.
** Loading any Rails specific GemPlugins
** Signals ready.  TERM => stop.  USR2 => restart.  INT => stop (no restart).
** Rails signals registered.  HUP => reload (without restart).  It might not work well.
** Mongrel 1.1.5 available at 127.0.0.1:9002
** Writing PID file to tmp/pids/mongrel.9002.pid
** Daemonized, any open files are closed.  Look at tmp/pids/mongrel.9002.pid and log/mongrel.9002.log for info.
** Starting Mongrel listening at 127.0.0.1:9002
** Starting Rails with production environment...
** Rails loaded.
** Loading any Rails specific GemPlugins
** Signals ready.  TERM => stop.  USR2 => restart.  INT => stop (no restart).
** Rails signals registered.  HUP => reload (without restart).  It might not work well.
** Mongrel 1.1.5 available at 127.0.0.1:9002
** Writing PID file to tmp/pids/mongrel.9002.pid
** Daemonized, any open files are closed.  Look at tmp/pids/mongrel.9002.pid and log/mongrel.9002.log for info.
** Starting Mongrel listening at 127.0.0.1:9002
** Starting Rails with production environment...
** Rails loaded.
** Loading any Rails specific GemPlugins
** Signals ready.  TERM => stop.  USR2 => restart.  INT => stop (no restart).
** Rails signals registered.  HUP => reload (without restart).  It might not work well.
** Mongrel 1.1.5 available at 127.0.0.1:9002
** Writing PID file to tmp/pids/mongrel.9002.pid
/usr/lib/ruby/gems/1.8/gems/transaction-simple-1.4.0/lib/transaction/simple.rb:46: warning: already initialized constant Messages
/usr/lib/ruby/gems/1.8/gems/transaction-simple-1.4.0/lib/transaction/simple.rb:53: warning: already initialized constant TRANSACTION_SIMPLE_VERSION
/usr/lib/ruby/gems/1.8/gems/transaction-simple-1.4.0/lib/transaction/simple.rb:436: warning: already initialized constant SKIP_TRANSACTION_VARS
